Checking ucfirst
ucfirst - 'test' OK
ucfirst - ' test' OK
ucfirst - 'Test' OK
ucfirst - 'TEST' OK
ucfirst - 'null' KO
	Unexpected behaviour : TypeError - Cannot read property 'length' of null
ucfirst - 'Object' KO
	expected : '' - got : '[object Object]'

Checking capitalize
capitalize - 'test' OK
capitalize - ' test' OK
capitalize - 'ipsum DOLOR' KO
	expected : 'Ipsum Dolor' - got : 'Ipsum DOLOR'
capitalize - 'sit 8met consectetur' OK
capitalize - '_dipiscing elit' OK
capitalize - 'null' KO
	Unexpected behaviour : TypeError - Cannot read property 'split' of null
capitalize - 'Object' KO
	Unexpected behaviour : TypeError - str.split is not a function

Checking camelCase
camelCase - 'toggle case is the coolest' OK
camelCase - 'toggleCase is the coolest' KO
	expected : 'TogglecaseIsTheCoolest' - got : 'ToggleCaseIsTheCoolest'
camelCase - 'ToggleCase is the 3oolest' KO
	expected : 'TogglecaseIsThe3oolest' - got : 'ToggleCaseIsThe3oolest'
camelCase - 'ToggleCaseIsTheCoolest' KO
	expected : 'Togglecaseisthecoolest' - got : 'ToggleCaseIsTheCoolest'
camelCase - 'ToggleCase is_the coolest' KO
	expected : 'TogglecaseIsTheCoolest' - got : 'ToggleCaseIs_theCoolest'
camelCase - ' toggleCase' KO
	expected : 'Togglecase' - got : 'ToggleCase'
camelCase - 'null' KO
	Unexpected behaviour : TypeError - Cannot read property 'split' of null
camelCase - 'Object' KO
	Unexpected behaviour : TypeError - str.split is not a function

Checking snake_case
snake_case - 'toggle case is the coolest' KO
	expected : 'toggle_case_is_the_coolest' - got : 'toggle-case-is-the-coolest'
snake_case - 'toggleCase is the coolest' KO
	expected : 'togglecase_is_the_coolest' - got : 'togglecase-is-the-coolest'
snake_case - 'ToggleCase is the 3oolest' KO
	expected : 'togglecase_is_the_3oolest' - got : 'togglecase-is-the-3oolest'
snake_case - 'ToggleCaseIsTheCool3st' OK
snake_case - 'ToggleCase is_the coolest' KO
	expected : 'togglecase_is_the_coolest' - got : 'togglecase-is_the-coolest'
snake_case - ' toggleCase' KO
	expected : '_togglecase' - got : '-togglecase'
snake_case - 'null' KO
	Unexpected behaviour : TypeError - Cannot read property 'toLowerCase' of null
snake_case - 'Object' KO
	Unexpected behaviour : TypeError - str.toLowerCase is not a function

Checking leet
leet - 'anaconda' KO
	expected : '4n4c0nd4' - got : 'anaconda'
leet - 'leet' OK
leet - 'yoda' KO
	expected : '70d4' - got : '7oda'
leet - 'evaluation' KO
	expected : '3v4l(_)4t10n' - got : 'eval_ation'
leet - 'mon travail' KO
	expected : 'm0n tr4v41l' - got : 'mon travail'
leet - ' ' KO
	expected : ' ' - got : ''
leet - 'null' KO
	Unexpected behaviour : TypeError - Cannot read property 'indexOf' of null
leet - 'Object' KO
	Unexpected behaviour : TypeError - str.indexOf is not a function

Checking verlan
verlan - 'anaconda' OK
verlan - 'kayak' OK
verlan - 'yoda m Luke' KO
	expected : 'adoy m ekuL' - got : 'ekuL m adoy'
verlan - '70da m L(_)k3' KO
	expected : 'ad07 m 3k)_(L' - got : '3k)_(L m ad07'
verlan - ' ' OK
verlan - 'null' KO
	Unexpected behaviour : TypeError - Cannot read property 'split' of null
verlan - 'Object' KO
	Unexpected behaviour : TypeError - str.split is not a function

Checking yoda
yoda - 'anaconda' KO
	Unexpected behaviour : TypeError - str.reverse is not a function
yoda - 'yoda m Luke' KO
	Unexpected behaviour : TypeError - str.reverse is not a function
yoda - 'Inverser la position des mots d’une phrase' KO
	Unexpected behaviour : TypeError - str.reverse is not a function
yoda - ' ' KO
	Unexpected behaviour : TypeError - str.reverse is not a function
yoda - 'null' KO
	Unexpected behaviour : TypeError - Cannot read property 'reverse' of null
yoda - 'Object' KO
	Unexpected behaviour : TypeError - str.reverse is not a function

Checking vig
vig - 'un mot' KO
	expected : 'fbhnqcsghnhiywcsbsqzsrsby' - got : 'undefined'
vig - 'un mot avec MAJ' KO
	expected : 'fbhnqcsghnhiywcsbsqzsrsby' - got : 'undefined'
vig - 'une phrase longue' KO
	expected : 'hna prueul xqrs prof lknqxi ohmr due no ieqt kewqsylrnp rsrn zibh gcy g dft fucge qn dhwv' - got : 'undefined'
vig - ' ' KO
	expected : ' ' - got : 'undefined'
vig - 'null' KO
	expected : '' - got : 'undefined'
vig - 'Object' KO
	expected : '' - got : 'undefined'

Checking prop_access
prop_access - 'path exist - value string' KO
	Unexpected behaviour : TypeError - prop.unshift is not a function
prop_access - 'path exist - value object' KO
	Unexpected behaviour : TypeError - prop.unshift is not a function
prop_access - 'path not exist' KO
	Unexpected behaviour : TypeError - prop.unshift is not a function
prop_access - 'path empty' KO
	Unexpected behaviour : TypeError - prop.unshift is not a function
prop_access - 'object null' KO
	Unexpected behaviour : TypeError - prop.unshift is not a function
prop_access - 'path null' KO
	Unexpected behaviour : TypeError - Cannot read property 'unshift' of null
