Checking ucfirst
ucfirst - 'test' OK
ucfirst - ' test' OK
ucfirst - 'Test' OK
ucfirst - 'TEST' OK
ucfirst - 'null' KO
	Unexpected behaviour : TypeError - Cannot read property 'charAt' of null
ucfirst - 'Object' KO
	Unexpected behaviour : TypeError - str.charAt is not a function

Checking capitalize
capitalize - 'test' OK
capitalize - ' test' OK
capitalize - 'ipsum DOLOR' KO
	expected : 'Ipsum Dolor' - got : 'Ipsum DOLOR'
capitalize - 'sit 8met consectetur' OK
capitalize - '_dipiscing elit' OK
capitalize - 'null' KO
	Unexpected behaviour : TypeError - Cannot read property 'split' of null
capitalize - 'Object' KO
	Unexpected behaviour : TypeError - str.split is not a function

Checking camelCase
camelCase - 'toggle case is the coolest' OK
camelCase - 'toggleCase is the coolest' OK
camelCase - 'ToggleCase is the 3oolest' OK
camelCase - 'ToggleCaseIsTheCoolest' OK
camelCase - 'ToggleCase is_the coolest' KO
	expected : 'TogglecaseIsTheCoolest' - got : 'TogglecaseIs_theCoolest'
camelCase - ' toggleCase' OK
camelCase - 'null' KO
	Unexpected behaviour : TypeError - Cannot read property 'split' of null
camelCase - 'Object' KO
	Unexpected behaviour : TypeError - str.split is not a function

Checking snake_case
snake_case - 'toggle case is the coolest' OK
snake_case - 'toggleCase is the coolest' KO
	expected : 'togglecase_is_the_coolest' - got : 'toggleCase_is_the_coolest'
snake_case - 'ToggleCase is the 3oolest' KO
	expected : 'togglecase_is_the_3oolest' - got : 'toggleCase_is_the_3oolest'
snake_case - 'ToggleCaseIsTheCool3st' KO
	expected : 'togglecaseisthecool3st' - got : 'toggleCaseIsTheCool3st'
snake_case - 'ToggleCase is_the coolest' KO
	expected : 'togglecase_is_the_coolest' - got : 'toggleCase_is_the_coolest'
snake_case - ' toggleCase' KO
	expected : '_togglecase' - got : '_toggleCase'
snake_case - 'null' KO
	Unexpected behaviour : TypeError - Cannot read property 'split' of null
snake_case - 'Object' KO
	Unexpected behaviour : TypeError - str.split is not a function

Checking leet
leet - 'anaconda' OK
leet - 'leet' OK
leet - 'yoda' OK
leet - 'evaluation' OK
leet - 'mon travail' OK
leet - ' ' OK
leet - 'null' KO
	Unexpected behaviour : TypeError - Cannot read property 'replace' of null
leet - 'Object' KO
	Unexpected behaviour : TypeError - str.replace is not a function

Checking verlan
verlan - 'anaconda' OK
verlan - 'kayak' OK
verlan - 'yoda m Luke' OK
verlan - '70da m L(_)k3' OK
verlan - ' ' OK
verlan - 'null' KO
	Unexpected behaviour : TypeError - Cannot read property 'split' of null
verlan - 'Object' KO
	Unexpected behaviour : TypeError - str.split is not a function

Checking yoda
yoda - 'anaconda' OK
yoda - 'yoda m Luke' OK
yoda - 'Inverser la position des mots d’une phrase' OK
yoda - ' ' OK
yoda - 'null' KO
	Unexpected behaviour : TypeError - Cannot read property 'split' of null
yoda - 'Object' KO
	Unexpected behaviour : TypeError - str.split is not a function

Checking vig
vig - 'un mot' KO
	Unexpected behaviour : ReferenceError - vig is not defined
vig - 'un mot avec MAJ' KO
	Unexpected behaviour : ReferenceError - vig is not defined
vig - 'une phrase longue' KO
	Unexpected behaviour : ReferenceError - vig is not defined
vig - ' ' KO
	Unexpected behaviour : ReferenceError - vig is not defined
vig - 'null' KO
	Unexpected behaviour : ReferenceError - vig is not defined
vig - 'Object' KO
	Unexpected behaviour : ReferenceError - vig is not defined

Checking prop_access
prop_access - 'path exist - value string' KO
	expected : '"dog"' - got : 'undefined'
prop_access - 'path exist - value object' KO
	expected : '{"name":"dog"}' - got : 'undefined'
prop_access - 'path not exist' KO
	expected : 'animal.gender not exist' - got : 'null'
prop_access - 'path empty' KO
	expected : '{"animal":{"type":{"name":"dog"}}}' - got : 'undefined'
prop_access - 'object null' KO
	expected : 'test not exist' - got : 'null'
prop_access - 'path null' KO
	expected : '{"animal":{"type":{"name":"dog"}}}' - got : 'undefined'
