Checking ucfirst
ucfirst - 'test' OK
ucfirst - ' test' KO
        expected : ' test' - got : 'Test'
ucfirst - 'Test' OK
ucfirst - 'TEST' OK
ucfirst - 'null' KO
        Unexpected behaviour : TypeError - Cannot read property 'replace' of null
ucfirst - 'Object' KO
        Unexpected behaviour : TypeError - string.replace is not a function

Checking capitalize
capitalize - 'test' OK
capitalize - ' test' KO
        expected : ' Test' - got : 'Test'
capitalize - 'ipsum DOLOR' OK
capitalize - 'sit 8met consectetur' OK
capitalize - '_dipiscing elit' OK
capitalize - 'null' KO
        Unexpected behaviour : TypeError - Cannot read property 'replace' of null
capitalize - 'Object' KO
        Unexpected behaviour : TypeError - string.replace is not a function

Checking camelCase
camelCase - 'toggle case is the coolest' OK
camelCase - 'toggleCase is the coolest' OK
camelCase - 'ToggleCase is the 3oolest' OK
camelCase - 'ToggleCaseIsTheCoolest' OK
camelCase - 'ToggleCase is_the coolest' KO
        expected : 'TogglecaseIsTheCoolest' - got : 'TogglecaseIs_theCoolest'
camelCase - ' toggleCase' OK
camelCase - 'null' KO
        Unexpected behaviour : TypeError - Cannot read property 'replace' of null
camelCase - 'Object' KO
        Unexpected behaviour : TypeError - string.replace is not a function

Checking snake_case
snake_case - 'toggle case is the coolest' OK
snake_case - 'toggleCase is the coolest' OK
snake_case - 'ToggleCase is the 3oolest' OK
snake_case - 'ToggleCaseIsTheCool3st' OK
snake_case - 'ToggleCase is_the coolest' OK
snake_case - ' toggleCase' KO
        expected : '_togglecase' - got : 'togglecase'
snake_case - 'null' KO
        Unexpected behaviour : TypeError - Cannot read property 'replace' of null
snake_case - 'Object' KO
        Unexpected behaviour : TypeError - string.replace is not a function

Checking leet
leet - 'anaconda' OK
leet - 'leet' OK
leet - 'yoda' OK
leet - 'evaluation' KO
        expected : '3v4l(_)4t10n' - got : '3v4lv4t10n'
leet - 'mon travail' OK
leet - ' ' OK
leet - 'null' KO
        Unexpected behaviour : TypeError - Cannot read property 'length' of null
leet - 'Object' OK

Checking verlan
verlan - 'anaconda' OK
verlan - 'kayak' OK
verlan - 'yoda m Luke' OK
verlan - '70da m L(_)k3' OK
verlan - ' ' OK
verlan - 'null' KO
        Unexpected behaviour : TypeError - Cannot read property 'split' of null
verlan - 'Object' KO
        Unexpected behaviour : TypeError - string.split is not a function

Checking yoda
yoda - 'anaconda' OK
yoda - 'yoda m Luke' OK
yoda - 'Inverser la position des mots d’une phrase' OK
yoda - ' ' OK
yoda - 'null' KO
        Unexpected behaviour : TypeError - Cannot read property 'split' of null
yoda - 'Object' KO
        Unexpected behaviour : TypeError - string.split is not a function

Checking vig
vig - 'un mot' OK
vig - 'un mot avec MAJ' KO
        expected : 'fbhnqcsghnhiywcsbsqzsrsby' - got : 'fbhnncsghnniywcebsqzsrsby'
vig - 'une phrase longue' KO
        expected : 'hna prueul xqrs prof lknqxi ohmr due no ieqt kewqsylrnp rsrn zibh gcy g dft fucge qn dhwv' - got : 'hnazkvcziygrasjgrasjospnydmmwicmqqijqibcitgwbcblqmoqxbymdazibryabcgblwsmjqsdrqnjwiua'
vig - ' ' KO
        expected : ' ' - got : 's'
vig - 'null' KO
        Unexpected behaviour : TypeError - Cannot read property 'length' of null
vig - 'Object' OK

Checking prop_access
prop_access - 'path exist - value string' OK
prop_access - 'path exist - value object' OK
prop_access - 'path not exist' KO
        expected : 'animal.gender not exist' - got : 'null'
prop_access - 'path empty' KO
        expected : '{"animal":{"type":{"name":"dog"}}}' - got : '" not exist"'
prop_access - 'object null' KO
        Unexpected behaviour : TypeError - Cannot read property 'test' of null
prop_access - 'path null' KO
        Unexpected behaviour : TypeError - Cannot read property 'split' of null
