Checking ucfirst
ucfirst - 'test' OK
ucfirst - ' test' OK
ucfirst - 'Test' OK
ucfirst - 'TEST' KO
	expected : 'TEST' - got : 'Test'
ucfirst - 'null' KO
	Unexpected behaviour : TypeError - Cannot read property 'substr' of null
ucfirst - 'Object' KO
	Unexpected behaviour : TypeError - str.substr is not a function

Checking capitalize
capitalize - 'test' OK
capitalize - ' test' OK
capitalize - 'ipsum DOLOR' KO
	expected : 'Ipsum Dolor' - got : 'Ipsum DOLOR'
capitalize - 'sit 8met consectetur' OK
capitalize - '_dipiscing elit' OK
capitalize - 'null' KO
	Unexpected behaviour : TypeError - Cannot read property 'split' of null
capitalize - 'Object' KO
	Unexpected behaviour : TypeError - str.split is not a function

Checking camelCase
camelCase - 'toggle case is the coolest' OK
camelCase - 'toggleCase is the coolest' KO
	expected : 'TogglecaseIsTheCoolest' - got : 'ToggleCaseIsTheCoolest'
camelCase - 'ToggleCase is the 3oolest' KO
	expected : 'TogglecaseIsThe3oolest' - got : 'ToggleCaseIsThe3oolest'
camelCase - 'ToggleCaseIsTheCoolest' KO
	expected : 'Togglecaseisthecoolest' - got : 'ToggleCaseIsTheCoolest'
camelCase - 'ToggleCase is_the coolest' KO
	expected : 'TogglecaseIsTheCoolest' - got : 'ToggleCaseIs_theCoolest'
camelCase - ' toggleCase' KO
	expected : 'Togglecase' - got : 'ToggleCase'
camelCase - 'null' KO
	Unexpected behaviour : TypeError - Cannot read property 'split' of null
camelCase - 'Object' KO
	Unexpected behaviour : TypeError - str.split is not a function

Checking snake_case
snake_case - 'toggle case is the coolest' OK
snake_case - 'toggleCase is the coolest' KO
	expected : 'togglecase_is_the_coolest' - got : 'toggleCase_is_the_coolest'
snake_case - 'ToggleCase is the 3oolest' KO
	expected : 'togglecase_is_the_3oolest' - got : 'ToggleCase_is_the_3oolest'
snake_case - 'ToggleCaseIsTheCool3st' KO
	expected : 'togglecaseisthecool3st' - got : 'ToggleCaseIsTheCool3st'
snake_case - 'ToggleCase is_the coolest' KO
	expected : 'togglecase_is_the_coolest' - got : 'ToggleCase_is_the_coolest'
snake_case - ' toggleCase' KO
	expected : '_togglecase' - got : '_toggleCase'
snake_case - 'null' KO
	Unexpected behaviour : TypeError - Cannot read property 'split' of null
snake_case - 'Object' KO
	Unexpected behaviour : TypeError - str.split is not a function

Checking leet
leet - 'anaconda' KO
	expected : '4n4c0nd4' - got : '4n4cond4'
leet - 'leet' KO
	expected : 'l33t' - got : '1337'
leet - 'yoda' KO
	expected : '70d4' - got : 'yod4'
leet - 'evaluation' KO
	expected : '3v4l(_)4t10n' - got : '3v41(_)47ion'
leet - 'mon travail' KO
	expected : 'm0n tr4v41l' - got : 'mon 7r4v4i1'
leet - ' ' OK
leet - 'null' KO
	Unexpected behaviour : TypeError - Cannot read property 'length' of null
leet - 'Object' OK

Checking verlan
verlan - 'anaconda' OK
verlan - 'kayak' OK
verlan - 'yoda m Luke' KO
	expected : 'adoy m ekuL' - got : 'ekuL m adoy'
verlan - '70da m L(_)k3' KO
	expected : 'ad07 m 3k)_(L' - got : '3k)_(L m ad07'
verlan - ' ' OK
verlan - 'null' KO
	Unexpected behaviour : TypeError - Cannot read property 'length' of null
verlan - 'Object' OK

Checking yoda
yoda - 'anaconda' KO
	Unexpected behaviour : TypeError - Cannot read property 'substr' of undefined
yoda - 'yoda m Luke' KO
	Unexpected behaviour : TypeError - Cannot read property 'substr' of undefined
yoda - 'Inverser la position des mots d’une phrase' KO
	Unexpected behaviour : TypeError - Cannot read property 'substr' of undefined
yoda - ' ' KO
	Unexpected behaviour : TypeError - Cannot read property 'substr' of undefined
yoda - 'null' KO
	Unexpected behaviour : TypeError - Cannot read property 'split' of null
yoda - 'Object' KO
	Unexpected behaviour : TypeError - str.split is not a function

Checking vig
vig - 'un mot' KO
	Unexpected behaviour : ReferenceError - vig is not defined
vig - 'un mot avec MAJ' KO
	Unexpected behaviour : ReferenceError - vig is not defined
vig - 'une phrase longue' KO
	Unexpected behaviour : ReferenceError - vig is not defined
vig - ' ' KO
	Unexpected behaviour : ReferenceError - vig is not defined
vig - 'null' KO
	Unexpected behaviour : ReferenceError - vig is not defined
vig - 'Object' KO
	Unexpected behaviour : ReferenceError - vig is not defined

Checking prop_access
prop_access - 'path exist - value string' KO
	expected : '"dog"' - got : 'undefined'
prop_access - 'path exist - value object' KO
	expected : '{"name":"dog"}' - got : 'undefined'
prop_access - 'path not exist' KO
	expected : 'animal.gender not exist' - got : 'null'
prop_access - 'path empty' KO
	expected : '{"animal":{"type":{"name":"dog"}}}' - got : 'undefined'
prop_access - 'object null' KO
	expected : 'test not exist' - got : 'null'
prop_access - 'path null' KO
	expected : '{"animal":{"type":{"name":"dog"}}}' - got : 'undefined'
