Checking ucfirst
ucfirst - 'test' OK
ucfirst - ' test' OK
ucfirst - 'Test' OK
ucfirst - 'TEST' OK
ucfirst - 'null' KO
	Unexpected behaviour : TypeError - Cannot read property 'charAt' of null
ucfirst - 'Object' KO
	Unexpected behaviour : TypeError - string.charAt is not a function

Checking capitalize
capitalize - 'test' OK
capitalize - ' test' OK
capitalize - 'ipsum DOLOR' OK
capitalize - 'sit 8met consectetur' OK
capitalize - '_dipiscing elit' OK
capitalize - 'null' KO
	Unexpected behaviour : TypeError - Cannot read property 'replace' of null
capitalize - 'Object' KO
	Unexpected behaviour : TypeError - string.replace is not a function

Checking camelCase
camelCase - 'toggle case is the coolest' OK
camelCase - 'toggleCase is the coolest' KO
	expected : 'TogglecaseIsTheCoolest' - got : 'ToggleCaseIsTheCoolest'
camelCase - 'ToggleCase is the 3oolest' KO
	expected : 'TogglecaseIsThe3oolest' - got : 'ToggleCaseIsThe3oolest'
camelCase - 'ToggleCaseIsTheCoolest' KO
	expected : 'Togglecaseisthecoolest' - got : 'ToggleCaseIsTheCoolest'
camelCase - 'ToggleCase is_the coolest' KO
	expected : 'TogglecaseIsTheCoolest' - got : 'ToggleCaseIs_theCoolest'
camelCase - ' toggleCase' KO
	expected : 'Togglecase' - got : ' oggleCase'
camelCase - 'null' KO
	Unexpected behaviour : TypeError - Cannot read property 'charAt' of null
camelCase - 'Object' KO
	Unexpected behaviour : TypeError - string.charAt is not a function

Checking snake_case
snake_case - 'toggle case is the coolest' OK
snake_case - 'toggleCase is the coolest' OK
snake_case - 'ToggleCase is the 3oolest' OK
snake_case - 'ToggleCaseIsTheCool3st' OK
snake_case - 'ToggleCase is_the coolest' OK
snake_case - ' toggleCase' OK
snake_case - 'null' KO
	Unexpected behaviour : TypeError - Cannot read property 'toLowerCase' of null
snake_case - 'Object' KO
	Unexpected behaviour : TypeError - string.toLowerCase is not a function

Checking leet
leet - 'anaconda' OK
leet - 'leet' OK
leet - 'yoda' OK
leet - 'evaluation' OK
leet - 'mon travail' OK
leet - ' ' OK
leet - 'null' KO
	Unexpected behaviour : TypeError - Cannot read property 'length' of null
leet - 'Object' OK

Checking verlan
verlan - 'anaconda' OK
verlan - 'kayak' OK
verlan - 'yoda m Luke' OK
verlan - '70da m L(_)k3' OK
verlan - ' ' OK
verlan - 'null' KO
	Unexpected behaviour : TypeError - Cannot read property 'split' of null
verlan - 'Object' KO
	Unexpected behaviour : TypeError - string.split is not a function

Checking yoda
yoda - 'anaconda' OK
yoda - 'yoda m Luke' OK
yoda - 'Inverser la position des mots d’une phrase' OK
yoda - ' ' OK
yoda - 'null' KO
	Unexpected behaviour : TypeError - Cannot read property 'split' of null
yoda - 'Object' KO
	Unexpected behaviour : TypeError - string.split is not a function

Checking vig
vig - 'un mot' OK
vig - 'un mot avec MAJ' OK
vig - 'une phrase longue' OK
vig - ' ' OK
vig - 'null' KO
	Unexpected behaviour : TypeError - Cannot read property 'length' of null
vig - 'Object' OK

Checking prop_access
prop_access - 'path exist - value string' KO
	expected : '"dog"' - got : '"Object.animal.type.name"'
prop_access - 'path exist - value object' KO
	expected : '{"name":"dog"}' - got : '"Object.animal.type"'
prop_access - 'path not exist' KO
	expected : 'animal.gender not exist' - got : 'null'
prop_access - 'path empty' KO
	expected : '{"animal":{"type":{"name":"dog"}}}' - got : '"Object."'
prop_access - 'object null' KO
	Unexpected behaviour : TypeError - Cannot read property 'constructor' of null
prop_access - 'path null' KO
	Unexpected behaviour : TypeError - Cannot read property 'split' of null
