Loading script...

Starting tests...
Checking ucfirst
ucfirst - 'test' KO
	Unexpected behaviour : TypeError - this.charAt is not a function
ucfirst - ' test' KO
	Unexpected behaviour : TypeError - this.charAt is not a function
ucfirst - 'Test' KO
	Unexpected behaviour : TypeError - this.charAt is not a function
ucfirst - 'TEST' KO
	Unexpected behaviour : TypeError - this.charAt is not a function
ucfirst - 'null' KO
	Unexpected behaviour : TypeError - Cannot read property 'ucfirst' of null
ucfirst - 'Object' KO
	Unexpected behaviour : TypeError - "ucfirst" not implemented

Checking capitalize
capitalize - 'test' KO
	Unexpected behaviour : TypeError - this.toUpperCase is not a function
capitalize - ' test' KO
	Unexpected behaviour : TypeError - this.toUpperCase is not a function
capitalize - 'ipsum DOLOR' KO
	Unexpected behaviour : TypeError - this.toUpperCase is not a function
capitalize - 'sit 8met consectetur' KO
	Unexpected behaviour : TypeError - this.toUpperCase is not a function
capitalize - '_dipiscing elit' KO
	Unexpected behaviour : TypeError - this.toUpperCase is not a function
capitalize - 'null' KO
	Unexpected behaviour : TypeError - Cannot read property 'capitalize' of null
capitalize - 'Object' KO
	Unexpected behaviour : TypeError - "capitalize" not implemented

Checking camelCase
camelCase - 'toggle case is the coolest' KO
	Unexpected behaviour : TypeError - this.split is not a function
camelCase - 'toggleCase is the coolest' KO
	Unexpected behaviour : TypeError - this.split is not a function
camelCase - 'ToggleCase is the 3oolest' KO
	Unexpected behaviour : TypeError - this.split is not a function
camelCase - 'ToggleCaseIsTheCoolest' KO
	Unexpected behaviour : TypeError - this.split is not a function
camelCase - 'ToggleCase is_the coolest' KO
	Unexpected behaviour : TypeError - this.split is not a function
camelCase - ' toggleCase' KO
	Unexpected behaviour : TypeError - this.split is not a function
camelCase - 'null' KO
	Unexpected behaviour : TypeError - Cannot read property 'camelCase' of null
camelCase - 'Object' KO
	Unexpected behaviour : TypeError - "camelCase" not implemented

Checking snake_case
snake_case - 'toggle case is the coolest' KO
	Unexpected behaviour : TypeError - this.split is not a function
snake_case - 'toggleCase is the coolest' KO
	Unexpected behaviour : TypeError - this.split is not a function
snake_case - 'ToggleCase is the 3oolest' KO
	Unexpected behaviour : TypeError - this.split is not a function
snake_case - 'ToggleCaseIsTheCool3st' KO
	Unexpected behaviour : TypeError - this.split is not a function
snake_case - 'ToggleCase is_the coolest' KO
	Unexpected behaviour : TypeError - this.split is not a function
snake_case - ' toggleCase' KO
	Unexpected behaviour : TypeError - this.split is not a function
snake_case - 'null' KO
	Unexpected behaviour : TypeError - Cannot read property 'snake_case' of null
snake_case - 'Object' KO
	Unexpected behaviour : TypeError - "snake_case" not implemented

Checking leet
leet - 'anaconda' KO
	expected : "4n4c0nd4" - got false
leet - 'anacoNDa' KO
	expected : "4n4c0ND4" - got false
leet - 'leet' KO
	expected : "l33t" - got false
leet - 'yoda' KO
	expected : "70d4" - got false
leet - 'evaluation' KO
	expected : "3v4l(_)4t10n" - got false
leet - 'mon travail' KO
	expected : "m0n tr4v41l" - got false
leet - ' ' KO
	expected : " " - got false
leet - 'null' KO
	Unexpected behaviour : TypeError - Cannot read property 'leet' of null
leet - 'Object' KO
	Unexpected behaviour : TypeError - "leet" not implemented

Checking verlan
verlan - 'anaconda' KO
	Unexpected behaviour : TypeError - this.split is not a function
verlan - 'kayak' KO
	Unexpected behaviour : TypeError - this.split is not a function
verlan - 'yoda m Luke' KO
	Unexpected behaviour : TypeError - this.split is not a function
verlan - '70da m L(_)k3' KO
	Unexpected behaviour : TypeError - this.split is not a function
verlan - ' ' KO
	Unexpected behaviour : TypeError - this.split is not a function
verlan - 'null' KO
	Unexpected behaviour : TypeError - Cannot read property 'verlan' of null
verlan - 'Object' KO
	Unexpected behaviour : TypeError - "verlan" not implemented

Checking yoda
yoda - 'anaconda' KO
	Unexpected behaviour : TypeError - this.split is not a function
yoda - 'yoda m Luke' KO
	Unexpected behaviour : TypeError - this.split is not a function
yoda - 'Inverser la position des mots d’une phrase' KO
	Unexpected behaviour : TypeError - this.split is not a function
yoda - ' ' KO
	Unexpected behaviour : TypeError - this.split is not a function
yoda - 'null' KO
	Unexpected behaviour : TypeError - Cannot read property 'yoda' of null
yoda - 'Object' KO
	Unexpected behaviour : TypeError - "yoda" not implemented

Checking vig
vig - 'un mot' KO
	Unexpected behaviour : TypeError - this.toUpperCase is not a function
vig - 'un mot avec MAJ' KO
	Unexpected behaviour : TypeError - this.toUpperCase is not a function
vig - 'une phrase longue' KO
	Unexpected behaviour : TypeError - this.toUpperCase is not a function
vig - ' ' KO
	Unexpected behaviour : TypeError - this.toUpperCase is not a function
vig - 'null' KO
	Unexpected behaviour : TypeError - Cannot read property 'vig' of null
vig - 'Object' KO
	Unexpected behaviour : TypeError - "vig" not implemented

Checking prop_access
prop_access - 'path exist - value string' KO
	expected : "dog" - got false
prop_access - 'path exist - value object' KO
	expected : {"name":"dog"} - got false
prop_access - 'path exist - value array' KO
	expected : {"name":"cat"} - got false
prop_access - 'path not exist' KO
	expected : animal.gender not exist - got null
prop_access - 'path empty' KO
	expected : {"animal":{"type":{"name":"dog"}}} - got false
prop_access - 'object null' KO
	Unexpected behaviour : TypeError - Cannot read property 'prop_access' of null
prop_access - 'path null' KO
	expected : {"animal":{"type":{"name":"dog"}}} - got false

