Loading script...

Starting tests...
Checking ucfirst
ucfirst - 'test' KO
	Unexpected behaviour : TypeError - Converting circular structure to JSON
ucfirst - ' test' KO
	Unexpected behaviour : TypeError - Converting circular structure to JSON
ucfirst - 'Test' KO
	Unexpected behaviour : TypeError - Converting circular structure to JSON
ucfirst - 'TEST' KO
	Unexpected behaviour : TypeError - Converting circular structure to JSON
ucfirst - 'null' KO
	Unexpected behaviour : TypeError - Cannot read property 'ucfirst' of null
ucfirst - 'Object' KO
	Unexpected behaviour : TypeError - "ucfirst" not implemented

Checking capitalize
capitalize - 'test' KO
	expected : "Test" - got ""
capitalize - ' test' KO
	expected : " Test" - got ""
capitalize - 'ipsum DOLOR' KO
	expected : "Ipsum Dolor" - got ""
capitalize - 'sit 8met consectetur' KO
	expected : "Sit 8met Consectetur" - got ""
capitalize - '_dipiscing elit' KO
	expected : "_dipiscing Elit" - got ""
capitalize - 'null' KO
	Unexpected behaviour : TypeError - Cannot read property 'capitalize' of null
capitalize - 'Object' KO
	Unexpected behaviour : TypeError - "capitalize" not implemented

Checking camelCase
camelCase - 'toggle case is the coolest' KO
	expected : "ToggleCaseIsTheCoolest" - got ""
camelCase - 'toggleCase is the coolest' KO
	expected : "TogglecaseIsTheCoolest" - got ""
camelCase - 'ToggleCase is the 3oolest' KO
	expected : "TogglecaseIsThe3oolest" - got ""
camelCase - 'ToggleCaseIsTheCoolest' KO
	expected : "Togglecaseisthecoolest" - got ""
camelCase - 'ToggleCase is_the coolest' KO
	expected : "TogglecaseIsTheCoolest" - got ""
camelCase - ' toggleCase' KO
	expected : "Togglecase" - got ""
camelCase - 'null' KO
	Unexpected behaviour : TypeError - Cannot read property 'camelCase' of null
camelCase - 'Object' KO
	Unexpected behaviour : TypeError - "camelCase" not implemented

Checking snake_case
snake_case - 'toggle case is the coolest' KO
	Unexpected behaviour : TypeError - this.toLowerCase is not a function
snake_case - 'toggleCase is the coolest' KO
	Unexpected behaviour : TypeError - this.toLowerCase is not a function
snake_case - 'ToggleCase is the 3oolest' KO
	Unexpected behaviour : TypeError - this.toLowerCase is not a function
snake_case - 'ToggleCaseIsTheCool3st' KO
	Unexpected behaviour : TypeError - this.toLowerCase is not a function
snake_case - 'ToggleCase is_the coolest' KO
	Unexpected behaviour : TypeError - this.toLowerCase is not a function
snake_case - ' toggleCase' KO
	Unexpected behaviour : TypeError - this.toLowerCase is not a function
snake_case - 'null' KO
	Unexpected behaviour : TypeError - Cannot read property 'snake_case' of null
snake_case - 'Object' KO
	Unexpected behaviour : TypeError - "snake_case" not implemented

Checking leet
leet - 'anaconda' KO
	expected : "4n4c0nd4" - got ""
leet - 'anacoNDa' KO
	expected : "4n4c0ND4" - got ""
leet - 'leet' KO
	expected : "l33t" - got ""
leet - 'yoda' KO
	expected : "70d4" - got ""
leet - 'evaluation' KO
	expected : "3v4l(_)4t10n" - got ""
leet - 'mon travail' KO
	expected : "m0n tr4v41l" - got ""
leet - ' ' KO
	expected : " " - got ""
leet - 'null' KO
	Unexpected behaviour : TypeError - Cannot read property 'leet' of null
leet - 'Object' KO
	Unexpected behaviour : TypeError - "leet" not implemented

Checking verlan
verlan - 'anaconda' KO
	Unexpected behaviour : TypeError - this.split is not a function
verlan - 'kayak' KO
	Unexpected behaviour : TypeError - this.split is not a function
verlan - 'yoda m Luke' KO
	Unexpected behaviour : TypeError - this.split is not a function
verlan - '70da m L(_)k3' KO
	Unexpected behaviour : TypeError - this.split is not a function
verlan - ' ' KO
	Unexpected behaviour : TypeError - this.split is not a function
verlan - 'null' KO
	Unexpected behaviour : TypeError - Cannot read property 'verlan' of null
verlan - 'Object' KO
	Unexpected behaviour : TypeError - "verlan" not implemented

Checking yoda
yoda - 'anaconda' KO
	Unexpected behaviour : TypeError - this.split is not a function
yoda - 'yoda m Luke' KO
	Unexpected behaviour : TypeError - this.split is not a function
yoda - 'Inverser la position des mots d’une phrase' KO
	Unexpected behaviour : TypeError - this.split is not a function
yoda - ' ' KO
	Unexpected behaviour : TypeError - this.split is not a function
yoda - 'null' KO
	Unexpected behaviour : TypeError - Cannot read property 'yoda' of null
yoda - 'Object' KO
	Unexpected behaviour : TypeError - "yoda" not implemented

Checking vig
vig - 'un mot' KO
	Unexpected behaviour : TypeError - this.toUpperCase is not a function
vig - 'un mot avec MAJ' KO
	Unexpected behaviour : TypeError - this.toUpperCase is not a function
vig - 'une phrase longue' KO
	Unexpected behaviour : TypeError - this.toUpperCase is not a function
vig - ' ' KO
	Unexpected behaviour : TypeError - this.toUpperCase is not a function
vig - 'null' KO
	Unexpected behaviour : TypeError - Cannot read property 'vig' of null
vig - 'Object' KO
	Unexpected behaviour : TypeError - "vig" not implemented

Checking prop_access
prop_access - 'path exist - value string' KO
	Unexpected behaviour : TypeError - prop.split is not a function
prop_access - 'path exist - value object' KO
	Unexpected behaviour : TypeError - prop.split is not a function
prop_access - 'path exist - value array' KO
	Unexpected behaviour : TypeError - prop.split is not a function
prop_access - 'path not exist' KO
	Unexpected behaviour : TypeError - prop.split is not a function
prop_access - 'path empty' KO
	Unexpected behaviour : TypeError - prop.split is not a function
prop_access - 'object null' KO
	Unexpected behaviour : TypeError - Cannot read property 'prop_access' of null
prop_access - 'path null' KO
	Unexpected behaviour : TypeError - prop.split is not a function

