Loading script...

Starting tests...
Checking ucfirst
ucfirst - 'test' KO
	Unexpected behaviour : TypeError - Cannot read property 'charAt' of undefined
ucfirst - ' test' KO
	Unexpected behaviour : TypeError - Cannot read property 'charAt' of undefined
ucfirst - 'Test' KO
	Unexpected behaviour : TypeError - Cannot read property 'charAt' of undefined
ucfirst - 'TEST' KO
	Unexpected behaviour : TypeError - Cannot read property 'charAt' of undefined
ucfirst - 'null' KO
	Unexpected behaviour : TypeError - Cannot read property 'ucfirst' of null
ucfirst - 'Object' KO
	Unexpected behaviour : TypeError - "ucfirst" not implemented

Checking capitalize
capitalize - 'test' KO
	Unexpected behaviour : TypeError - Cannot read property 'toLowerCase' of undefined
capitalize - ' test' KO
	Unexpected behaviour : TypeError - Cannot read property 'toLowerCase' of undefined
capitalize - 'ipsum DOLOR' KO
	Unexpected behaviour : TypeError - Cannot read property 'toLowerCase' of undefined
capitalize - 'sit 8met consectetur' KO
	Unexpected behaviour : TypeError - Cannot read property 'toLowerCase' of undefined
capitalize - '_dipiscing elit' KO
	Unexpected behaviour : TypeError - Cannot read property 'toLowerCase' of undefined
capitalize - 'null' KO
	Unexpected behaviour : TypeError - Cannot read property 'capitalize' of null
capitalize - 'Object' KO
	Unexpected behaviour : TypeError - "capitalize" not implemented

Checking camelCase
camelCase - 'toggle case is the coolest' KO
	Unexpected behaviour : TypeError - Cannot read property 'replace' of undefined
camelCase - 'toggleCase is the coolest' KO
	Unexpected behaviour : TypeError - Cannot read property 'replace' of undefined
camelCase - 'ToggleCase is the 3oolest' KO
	Unexpected behaviour : TypeError - Cannot read property 'replace' of undefined
camelCase - 'ToggleCaseIsTheCoolest' KO
	Unexpected behaviour : TypeError - Cannot read property 'replace' of undefined
camelCase - 'ToggleCase is_the coolest' KO
	Unexpected behaviour : TypeError - Cannot read property 'replace' of undefined
camelCase - ' toggleCase' KO
	Unexpected behaviour : TypeError - Cannot read property 'replace' of undefined
camelCase - 'null' KO
	Unexpected behaviour : TypeError - Cannot read property 'camelCase' of null
camelCase - 'Object' KO
	Unexpected behaviour : TypeError - "camelCase" not implemented

Checking snake_case
snake_case - 'toggle case is the coolest' KO
	Unexpected behaviour : TypeError - Cannot read property 'replace' of undefined
snake_case - 'toggleCase is the coolest' KO
	Unexpected behaviour : TypeError - Cannot read property 'replace' of undefined
snake_case - 'ToggleCase is the 3oolest' KO
	Unexpected behaviour : TypeError - Cannot read property 'replace' of undefined
snake_case - 'ToggleCaseIsTheCool3st' KO
	Unexpected behaviour : TypeError - Cannot read property 'replace' of undefined
snake_case - 'ToggleCase is_the coolest' KO
	Unexpected behaviour : TypeError - Cannot read property 'replace' of undefined
snake_case - ' toggleCase' KO
	Unexpected behaviour : TypeError - Cannot read property 'replace' of undefined
snake_case - 'null' KO
	Unexpected behaviour : TypeError - Cannot read property 'snake_case' of null
snake_case - 'Object' KO
	Unexpected behaviour : TypeError - "snake_case" not implemented

Checking leet
leet - 'anaconda' KO
	Unexpected behaviour : TypeError - Cannot read property 'length' of undefined
leet - 'anacoNDa' KO
	Unexpected behaviour : TypeError - Cannot read property 'length' of undefined
leet - 'leet' KO
	Unexpected behaviour : TypeError - Cannot read property 'length' of undefined
leet - 'yoda' KO
	Unexpected behaviour : TypeError - Cannot read property 'length' of undefined
leet - 'evaluation' KO
	Unexpected behaviour : TypeError - Cannot read property 'length' of undefined
leet - 'mon travail' KO
	Unexpected behaviour : TypeError - Cannot read property 'length' of undefined
leet - ' ' KO
	Unexpected behaviour : TypeError - Cannot read property 'length' of undefined
leet - 'null' KO
	Unexpected behaviour : TypeError - Cannot read property 'leet' of null
leet - 'Object' KO
	Unexpected behaviour : TypeError - "leet" not implemented

Checking verlan
verlan - 'anaconda' KO
	Unexpected behaviour : TypeError - Cannot read property 'split' of undefined
verlan - 'kayak' KO
	Unexpected behaviour : TypeError - Cannot read property 'split' of undefined
verlan - 'yoda m Luke' KO
	Unexpected behaviour : TypeError - Cannot read property 'split' of undefined
verlan - '70da m L(_)k3' KO
	Unexpected behaviour : TypeError - Cannot read property 'split' of undefined
verlan - ' ' KO
	Unexpected behaviour : TypeError - Cannot read property 'split' of undefined
verlan - 'null' KO
	Unexpected behaviour : TypeError - Cannot read property 'verlan' of null
verlan - 'Object' KO
	Unexpected behaviour : TypeError - "verlan" not implemented

Checking yoda
yoda - 'anaconda' KO
	Unexpected behaviour : TypeError - Cannot read property 'split' of undefined
yoda - 'yoda m Luke' KO
	Unexpected behaviour : TypeError - Cannot read property 'split' of undefined
yoda - 'Inverser la position des mots d’une phrase' KO
	Unexpected behaviour : TypeError - Cannot read property 'split' of undefined
yoda - ' ' KO
	Unexpected behaviour : TypeError - Cannot read property 'split' of undefined
yoda - 'null' KO
	Unexpected behaviour : TypeError - Cannot read property 'yoda' of null
yoda - 'Object' KO
	Unexpected behaviour : TypeError - "yoda" not implemented

Checking vig
vig - 'un mot' KO
	Unexpected behaviour : TypeError - Cannot read property 'length' of undefined
vig - 'un mot avec MAJ' KO
	Unexpected behaviour : TypeError - Cannot read property 'length' of undefined
vig - 'une phrase longue' KO
	Unexpected behaviour : TypeError - Cannot read property 'length' of undefined
vig - ' ' KO
	Unexpected behaviour : TypeError - Cannot read property 'length' of undefined
vig - 'null' KO
	Unexpected behaviour : TypeError - Cannot read property 'vig' of null
vig - 'Object' KO
	Unexpected behaviour : TypeError - "vig" not implemented

Checking prop_access
prop_access - 'path exist - value string' KO
	Unexpected behaviour : TypeError - string.split is not a function
prop_access - 'path exist - value object' KO
	Unexpected behaviour : TypeError - string.split is not a function
prop_access - 'path exist - value array' KO
	Unexpected behaviour : TypeError - string.split is not a function
prop_access - 'path not exist' KO
	Unexpected behaviour : TypeError - string.split is not a function
prop_access - 'path empty' KO
	Unexpected behaviour : TypeError - string.split is not a function
prop_access - 'object null' KO
	Unexpected behaviour : TypeError - Cannot read property 'prop_access' of null
prop_access - 'path null' KO
	Unexpected behaviour : TypeError - string.split is not a function

