Loading script...

Starting tests...
Checking ucfirst
ucfirst - 'test' KO
	expected : "Test" - got undefined
ucfirst - ' test' KO
	expected : " test" - got undefined
ucfirst - 'Test' KO
	expected : "Test" - got undefined
ucfirst - 'TEST' KO
	expected : "TEST" - got undefined
ucfirst - 'null' KO
	Unexpected behaviour : TypeError - Cannot read property 'toUpperCase' of null
ucfirst - 'Object' KO
	Unexpected behaviour : TypeError - hello.toUpperCase is not a function

Checking capitalize
capitalize - 'test' KO
	expected : "Test" - got undefined
capitalize - ' test' KO
	expected : " Test" - got undefined
capitalize - 'ipsum DOLOR' KO
	expected : "Ipsum Dolor" - got undefined
capitalize - 'sit 8met consectetur' KO
	expected : "Sit 8met Consectetur" - got undefined
capitalize - '_dipiscing elit' KO
	expected : "_dipiscing Elit" - got undefined
capitalize - 'null' KO
	Unexpected behaviour : TypeError - Cannot read property 'split' of null
capitalize - 'Object' KO
	Unexpected behaviour : TypeError - hello.split is not a function

Checking camelCase
camelCase - 'toggle case is the coolest' KO
	expected : "ToggleCaseIsTheCoolest" - got undefined
camelCase - 'toggleCase is the coolest' KO
	expected : "TogglecaseIsTheCoolest" - got undefined
camelCase - 'ToggleCase is the 3oolest' KO
	expected : "TogglecaseIsThe3oolest" - got undefined
camelCase - 'ToggleCaseIsTheCoolest' KO
	expected : "Togglecaseisthecoolest" - got undefined
camelCase - 'ToggleCase is_the coolest' KO
	expected : "TogglecaseIsTheCoolest" - got undefined
camelCase - ' toggleCase' KO
	expected : "Togglecase" - got undefined
camelCase - 'null' KO
	Unexpected behaviour : TypeError - Cannot read property 'split' of null
camelCase - 'Object' KO
	Unexpected behaviour : TypeError - hello.split is not a function

Checking snake_case
snake_case - 'toggle case is the coolest' KO
	Unexpected behaviour : TypeError - "snake_case" not implemented
snake_case - 'toggleCase is the coolest' KO
	Unexpected behaviour : TypeError - "snake_case" not implemented
snake_case - 'ToggleCase is the 3oolest' KO
	Unexpected behaviour : TypeError - "snake_case" not implemented
snake_case - 'ToggleCaseIsTheCool3st' KO
	Unexpected behaviour : TypeError - "snake_case" not implemented
snake_case - 'ToggleCase is_the coolest' KO
	Unexpected behaviour : TypeError - "snake_case" not implemented
snake_case - ' toggleCase' KO
	Unexpected behaviour : TypeError - "snake_case" not implemented