

Checking ucfirst
ucfirst - 'test' OK
ucfirst - ' test' OK
ucfirst - 'Test' OK
ucfirst - 'TEST' OK
ucfirst - 'null' OK
ucfirst - 'Object' OK

Checking capitalize
capitalize - 'test' OK
capitalize - ' test' OK
capitalize - 'ipsum DOLOR' OK
capitalize - 'sit 8met consectetur' OK
capitalize - '_dipiscing elit' OK
capitalize - 'null' KO
	Unexpected behaviour : TypeError - Cannot read property 'split' of null
capitalize - 'Object' KO
	Unexpected behaviour : TypeError - string.split is not a function

Checking camelCase
camelCase - 'toggle case is the coolest' OK
camelCase - 'toggleCase is the coolest' OK
camelCase - 'ToggleCase is the 3oolest' OK
camelCase - 'ToggleCaseIsTheCoolest' OK
camelCase - 'ToggleCase is_the coolest' KO
	expected : "TogglecaseIsTheCoolest" - got "TogglecaseIs_theCoolest"
camelCase - ' toggleCase' OK
camelCase - 'null' KO
	Unexpected behaviour : TypeError - Cannot read property 'split' of null
camelCase - 'Object' KO
	Unexpected behaviour : TypeError - string.split is not a function

Checking snake_case
snake_case - 'toggle case is the coolest' OK
snake_case - 'toggleCase is the coolest' OK
snake_case - 'ToggleCase is the 3oolest' OK
snake_case - 'ToggleCaseIsTheCool3st' OK
snake_case - 'ToggleCase is_the coolest' OK
snake_case - ' toggleCase' OK
snake_case - 'null' KO
	Unexpected behaviour : TypeError - Cannot read property 'split' of null
snake_case - 'Object' KO
	Unexpected behaviour : TypeError - string.split is not a function

Checking leet
leet - 'anaconda' KO
	expected : "4n4c0nd4" - got "4n4cond4"
leet - 'leet' OK
leet - 'yoda' KO
	expected : "70d4" - got "7od4"
leet - 'evaluation' KO
	expected : "3v4l(_)4t10n" - got "3v4l(_)4t1on"
leet - 'mon travail' KO
	expected : "m0n tr4v41l" - got "mon tr4v41l"
leet - ' ' OK
leet - 'null' KO
	Unexpected behaviour : TypeError - Cannot read property 'toLowerCase' of null
leet - 'Object' KO
	Unexpected behaviour : TypeError - string.toLowerCase is not a function

Checking verlan
verlan - 'anaconda' KO
	Unexpected behaviour : TypeError - "verlan" not implemented
verlan - 'kayak' KO
	Unexpected behaviour : TypeError - "verlan" not implemented
verlan - 'yoda m Luke' KO
	Unexpected behaviour : TypeError - "verlan" not implemented
verlan - '70da m L(_)k3' KO
	Unexpected behaviour : TypeError - "verlan" not implemented
verlan - ' ' KO
	Unexpected behaviour : TypeError - "verlan" not implemented
verlan - 'null' KO
	Unexpected behaviour : TypeError - "verlan" not implemented
verlan - 'Object' KO
	Unexpected behaviour : TypeError - "verlan" not implemented

Checking yoda
yoda - 'anaconda' KO
	Unexpected behaviour : TypeError - "yoda" not implemented
yoda - 'yoda m Luke' KO
	Unexpected behaviour : TypeError - "yoda" not implemented
yoda - 'Inverser la position des mots d’une phrase' KO
	Unexpected behaviour : TypeError - "yoda" not implemented
yoda - ' ' KO
	Unexpected behaviour : TypeError - "yoda" not implemented
yoda - 'null' KO
	Unexpected behaviour : TypeError - "yoda" not implemented
yoda - 'Object' KO
	Unexpected behaviour : TypeError - "yoda" not implemented

Checking vig
vig - 'un mot' KO
	Unexpected behaviour : TypeError - "vig" not implemented
vig - 'un mot avec MAJ' KO
	Unexpected behaviour : TypeError - "vig" not implemented
vig - 'une phrase longue' KO
	Unexpected behaviour : TypeError - "vig" not implemented
vig - ' ' KO
	Unexpected behaviour : TypeError - "vig" not implemented
vig - 'null' KO
	Unexpected behaviour : TypeError - "vig" not implemented
vig - 'Object' KO
	Unexpected behaviour : TypeError - "vig" not implemented

Checking prop_access
prop_access - 'path exist - value string' KO
	Unexpected behaviour : TypeError - "prop_access" not implemented
prop_access - 'path exist - value object' KO
	Unexpected behaviour : TypeError - "prop_access" not implemented
prop_access - 'path not exist' KO
	Unexpected behaviour : TypeError - "prop_access" not implemented
prop_access - 'path empty' KO
	Unexpected behaviour : TypeError - "prop_access" not implemented
prop_access - 'object null' KO
	Unexpected behaviour : TypeError - "prop_access" not implemented
prop_access - 'path null' KO
	Unexpected behaviour : TypeError - "prop_access" not implemented
