Loading script...

Starting tests...
Checking ucfirst
ucfirst - 'test' OK
ucfirst - ' test' OK
ucfirst - 'Test' OK
ucfirst - 'TEST' OK
ucfirst - 'null' KO
	Unexpected behaviour : TypeError - Cannot read property 'charAt' of null
ucfirst - 'Object' KO
	Unexpected behaviour : TypeError - string.charAt is not a function

Checking capitalize
capitalize - 'test' OK
capitalize - ' test' OK
capitalize - 'ipsum DOLOR' OK
capitalize - 'sit 8met consectetur' OK
capitalize - '_dipiscing elit' OK
capitalize - 'null' KO
	Unexpected behaviour : TypeError - Cannot read property 'replace' of null
capitalize - 'Object' KO
	Unexpected behaviour : TypeError - str.replace is not a function

Checking camelCase
camelCase - 'toggle case is the coolest' KO
	expected : "ToggleCaseIsTheCoolest" - got undefined
camelCase - 'toggleCase is the coolest' KO
	expected : "TogglecaseIsTheCoolest" - got undefined
camelCase - 'ToggleCase is the 3oolest' KO
	expected : "TogglecaseIsThe3oolest" - got undefined
camelCase - 'ToggleCaseIsTheCoolest' KO
	expected : "Togglecaseisthecoolest" - got undefined
camelCase - 'ToggleCase is_the coolest' KO
	expected : "TogglecaseIsTheCoolest" - got undefined
camelCase - ' toggleCase' KO
	expected : "Togglecase" - got undefined
camelCase - 'null' KO
	Unexpected behaviour : TypeError - Cannot read property 'replace' of null
camelCase - 'Object' KO
	Unexpected behaviour : TypeError - str.replace is not a function

Checking snake_case
snake_case - 'toggle case is the coolest' OK
snake_case - 'toggleCase is the coolest' KO
	expected : "togglecase_is_the_coolest" - got "toggleCase_is_the_coolest"
snake_case - 'ToggleCase is the 3oolest' KO
	expected : "togglecase_is_the_3oolest" - got "ToggleCase_is_the_3oolest"
snake_case - 'ToggleCaseIsTheCool3st' KO
	expected : "togglecaseisthecool3st" - got "ToggleCaseIsTheCool3st"
snake_case - 'ToggleCase is_the coolest' KO
	expected : "togglecase_is_the_coolest" - got "ToggleCase_is_the_coolest"
snake_case - ' toggleCase' KO
	expected : "_togglecase" - got "_toggleCase"
snake_case - 'null' KO
	Unexpected behaviour : TypeError - Cannot read property 'replace' of null
snake_case - 'Object' KO
	Unexpected behaviour : TypeError - str.replace is not a function

Checking leet
leet - 'anaconda' KO
	expected : "4n4c0nd4" - got undefined
leet - 'anacoNDa' KO
	expected : "4n4c0ND4" - got undefined
leet - 'leet' KO
	expected : "l33t" - got undefined
leet - 'yoda' KO
	expected : "70d4" - got undefined
leet - 'evaluation' KO
	expected : "3v4l(_)4t10n" - got undefined
leet - 'mon travail' KO
	expected : "m0n tr4v41l" - got undefined
leet - ' ' KO
	expected : " " - got undefined
leet - 'null' KO
	expected : "" - got undefined
leet - 'Object' KO
	expected : "" - got undefined

Checking verlan
verlan - 'anaconda' KO
	Unexpected behaviour : TypeError - "verlan" not implemented
verlan - 'kayak' KO
	Unexpected behaviour : TypeError - "verlan" not implemented
verlan - 'yoda m Luke' KO
	Unexpected behaviour : TypeError - "verlan" not implemented
verlan - '70da m L(_)k3' KO
	Unexpected behaviour : TypeError - "verlan" not implemented
verlan - ' ' KO
	Unexpected behaviour : TypeError - "verlan" not implemented
verlan - 'null' KO
	Unexpected behaviour : TypeError - "verlan" not implemented
verlan - 'Object' KO
	Unexpected behaviour : TypeError - "verlan" not implemented

Checking yoda
yoda - 'anaconda' KO
	Unexpected behaviour : TypeError - "yoda" not implemented
yoda - 'yoda m Luke' KO
	Unexpected behaviour : TypeError - "yoda" not implemented
yoda - 'Inverser la position des mots d’une phrase' KO
	Unexpected behaviour : TypeError - "yoda" not implemented
yoda - ' ' KO
	Unexpected behaviour : TypeError - "yoda" not implemented
yoda - 'null' KO
	Unexpected behaviour : TypeError - "yoda" not implemented
yoda - 'Object' KO
	Unexpected behaviour : TypeError - "yoda" not implemented

Checking vig
vig - 'un mot' KO
	Unexpected behaviour : TypeError - "vig" not implemented
vig - 'un mot avec MAJ' KO
	Unexpected behaviour : TypeError - "vig" not implemented
vig - 'une phrase longue' KO
	Unexpected behaviour : TypeError - "vig" not implemented
vig - ' ' KO
	Unexpected behaviour : TypeError - "vig" not implemented
vig - 'null' KO
	Unexpected behaviour : TypeError - "vig" not implemented
vig - 'Object' KO
	Unexpected behaviour : TypeError - "vig" not implemented