Loading script...

Starting tests...
Checking ucfirst
ucfirst - 'test' KO
	expected : "Test" - got "test"
ucfirst - ' test' OK
ucfirst - 'Test' OK
ucfirst - 'TEST' OK
ucfirst - 'null' OK
ucfirst - 'Object' OK

Checking capitalize
capitalize - 'test' KO
	expected : "Test" - got "test"
capitalize - ' test' KO
	expected : " Test" - got " test"
capitalize - 'ipsum DOLOR' KO
	expected : "Ipsum Dolor" - got "ipsum dolor"
capitalize - 'sit 8met consectetur' KO
	expected : "Sit 8met Consectetur" - got "sit 8met consectetur"
capitalize - '_dipiscing elit' KO
	expected : "_dipiscing Elit" - got "_dipiscing elit"
capitalize - 'null' OK
capitalize - 'Object' OK

Checking camelCase
camelCase - 'toggle case is the coolest' KO
	expected : "ToggleCaseIsTheCoolest" - got "togglecaseisthecoolest"