Loading script...

Starting tests...
Checking ucfirst
ucfirst - 'test' KO
	Unexpected behaviour : TypeError - "ucfirst" not implemented
ucfirst - ' test' KO
	Unexpected behaviour : TypeError - "ucfirst" not implemented
ucfirst - 'Test' KO
	Unexpected behaviour : TypeError - "ucfirst" not implemented
ucfirst - 'TEST' KO
	Unexpected behaviour : TypeError - "ucfirst" not implemented
ucfirst - 'null' KO
	Unexpected behaviour : TypeError - "ucfirst" not implemented
ucfirst - 'Object' KO
	Unexpected behaviour : TypeError - "ucfirst" not implemented

Checking capitalize
capitalize - 'test' OK
capitalize - ' test' KO
	expected : " Test" - got "Empty string,Test"
capitalize - 'ipsum DOLOR' KO
	expected : "Ipsum Dolor" - got "Ipsum,DOLOR"
capitalize - 'sit 8met consectetur' KO
	expected : "Sit 8met Consectetur" - got "Sit,8met,Consectetur"
capitalize - '_dipiscing elit' KO
	expected : "_dipiscing Elit" - got "_dipiscing,Elit"
capitalize - 'null' KO
	expected : "" - got "Empty string"
capitalize - 'Object' KO
	expected : "" - got "Empty string"

Checking camelCase
camelCase - 'toggle case is the coolest' OK
camelCase - 'toggleCase is the coolest' KO
	expected : "TogglecaseIsTheCoolest" - got "ToggleCaseIsTheCoolest"
camelCase - 'ToggleCase is the 3oolest' KO
	expected : "TogglecaseIsThe3oolest" - got "ToggleCaseIsThe3oolest"
camelCase - 'ToggleCaseIsTheCoolest' KO
	expected : "Togglecaseisthecoolest" - got "ToggleCaseIsTheCoolest"
camelCase - 'ToggleCase is_the coolest' KO
	expected : "TogglecaseIsTheCoolest" - got "ToggleCaseIs_theCoolest"
camelCase - ' toggleCase' KO
	expected : "Togglecase" - got "Empty stringToggleCase"
camelCase - 'null' KO
	expected : "" - got "Empty"
camelCase - 'Object' KO
	expected : "" - got "Empty"

Checking snake_case
snake_case - 'toggle case is the coolest' OK
snake_case - 'toggleCase is the coolest' KO
	expected : "togglecase_is_the_coolest" - got "toggleCase_is_the_coolest"
snake_case - 'ToggleCase is the 3oolest' KO
	expected : "togglecase_is_the_3oolest" - got "ToggleCase_is_the_3oolest"
snake_case - 'ToggleCaseIsTheCool3st' KO
	expected : "togglecaseisthecool3st" - got "ToggleCaseIsTheCool3st"
snake_case - 'ToggleCase is_the coolest' KO
	expected : "togglecase_is_the_coolest" - got "ToggleCase_is_the_coolest"
snake_case - ' toggleCase' KO
	expected : "_togglecase" - got "_toggleCase"
snake_case - 'null' KO
	expected : "" - got "Empty"
snake_case - 'Object' KO
	expected : "" - got "Empty"