Loading script...

Starting tests...
Checking ucfirst
ucfirst - 'test' OK
ucfirst - ' test' OK
ucfirst - 'Test' OK
ucfirst - 'TEST' OK
ucfirst - 'null' KO
	Unexpected behaviour : TypeError - Cannot convert undefined or null to object
ucfirst - 'Object' KO
	Unexpected behaviour : TypeError - s.substring is not a function

Checking capitalize
capitalize - 'test' OK
capitalize - ' test' OK
capitalize - 'ipsum DOLOR' OK
capitalize - 'sit 8met consectetur' OK
capitalize - '_dipiscing elit' OK
capitalize - 'null' KO
	Unexpected behaviour : TypeError - Cannot convert undefined or null to object
capitalize - 'Object' KO
	Unexpected behaviour : TypeError - s.split is not a function

Checking camelCase
camelCase - 'toggle case is the coolest' OK
camelCase - 'toggleCase is the coolest' OK
camelCase - 'ToggleCase is the 3oolest' OK
camelCase - 'ToggleCaseIsTheCoolest' OK
camelCase - 'ToggleCase is_the coolest' OK
camelCase - ' toggleCase' OK
camelCase - 'null' KO
	Unexpected behaviour : TypeError - Cannot convert undefined or null to object
camelCase - 'Object' KO
	Unexpected behaviour : TypeError - s.replace is not a function

Checking snake_case
snake_case - 'toggle case is the coolest' OK
snake_case - 'toggleCase is the coolest' OK
snake_case - 'ToggleCase is the 3oolest' OK
snake_case - 'ToggleCaseIsTheCool3st' OK
snake_case - 'ToggleCase is_the coolest' OK
snake_case - ' toggleCase' OK
snake_case - 'null' KO
	Unexpected behaviour : TypeError - Cannot convert undefined or null to object
snake_case - 'Object' KO
	Unexpected behaviour : TypeError - s.split is not a function

Checking leet
leet - 'anaconda' KO
	expected : "4n4c0nd4" - got "undefinedndundefundefinednedfinednacundefinednda"
leet - 'anacoNDa' KO
	expected : "4n4c0ND4" - got "undefinedndundefundefinednedfinednacundefinedNDa"
leet - 'leet' KO
	expected : "l33t" - got "lundefinedndefundefinednedet"
leet - 'yoda' KO
	expected : "70d4" - got "undefinedundefinedndefineddundundefundefinednedfined"
leet - 'evaluation' KO
	expected : "3v4l(_)4t10n" - got "undefinedndefundefinednedvundefinedluatiundefinedn"
leet - 'mon travail' KO
	expected : "m0n tr4v41l" - got "mundefinedndefinedn trundundefundefinednedfinedvail"
leet - ' ' OK
leet - 'null' KO
	Unexpected behaviour : TypeError - Cannot convert undefined or null to object
leet - 'Object' KO
	Unexpected behaviour : TypeError - w.replace is not a function

Checking verlan
verlan - 'anaconda' KO
	Unexpected behaviour : TypeError - element.reverse is not a function
verlan - 'kayak' KO
	Unexpected behaviour : TypeError - element.reverse is not a function
verlan - 'yoda m Luke' KO
	Unexpected behaviour : TypeError - element.reverse is not a function
verlan - '70da m L(_)k3' KO
	Unexpected behaviour : TypeError - element.reverse is not a function
verlan - ' ' KO
	Unexpected behaviour : TypeError - element.reverse is not a function
verlan - 'null' KO
	Unexpected behaviour : TypeError - Cannot convert undefined or null to object
verlan - 'Object' KO
	Unexpected behaviour : TypeError - s.split is not a function

Checking yoda
yoda - 'anaconda' OK
yoda - 'yoda m Luke' OK
yoda - 'Inverser la position des mots d’une phrase' OK
yoda - ' ' OK
yoda - 'null' KO
	Unexpected behaviour : TypeError - Cannot convert undefined or null to object
yoda - 'Object' KO
	Unexpected behaviour : TypeError - s.split is not a function

Checking vig
vig - 'anticonstitutionnellement - foo' KO
	Unexpected behaviour : TypeError - "vig" not implemented
vig - 'antiConstiTutioNnellement - foo' KO
	Unexpected behaviour : TypeError - "vig" not implemented
vig - 'une phrase tres tres longue mais qui ne veut absolument rien dire car c est juste un test - nawakdecheznawak' KO
	Unexpected behaviour : TypeError - "vig" not implemented
vig - ' - test' KO
	Unexpected behaviour : TypeError - "vig" not implemented
vig - 'null - test' KO
	Unexpected behaviour : TypeError - "vig" not implemented
vig - 'Object - test' KO
	Unexpected behaviour : TypeError - "vig" not implemented

Checking prop_access
prop_access - 'path exist - value string' KO
	Unexpected behaviour : ReferenceError - array is not defined
prop_access - 'path exist - value object' KO
	Unexpected behaviour : ReferenceError - array is not defined
prop_access - 'path exist - value array' KO
	Unexpected behaviour : ReferenceError - array is not defined
prop_access - 'path not exist' KO
	Unexpected behaviour : ReferenceError - array is not defined
prop_access - 'path empty' KO
	Unexpected behaviour : TypeError - Cannot convert undefined or null to object
prop_access - 'object null' KO
	Unexpected behaviour : ReferenceError - array is not defined
prop_access - 'path null' KO
	Unexpected behaviour : TypeError - Cannot convert undefined or null to object

