Loading script...

Starting tests...
Checking ucfirst
ucfirst - 'test' KO
	Unexpected behaviour : TypeError - this.charAt is not a function
ucfirst - ' test' KO
	Unexpected behaviour : TypeError - this.charAt is not a function
ucfirst - 'Test' KO
	Unexpected behaviour : TypeError - this.charAt is not a function
ucfirst - 'TEST' KO
	Unexpected behaviour : TypeError - this.charAt is not a function
ucfirst - 'null' KO
	Unexpected behaviour : TypeError - Cannot read property 'ucfirst' of null
ucfirst - 'Object' KO
	Unexpected behaviour : TypeError - "ucfirst" not implemented

Checking capitalize
capitalize - 'test' KO
	Unexpected behaviour : TypeError - this.split is not a function
capitalize - ' test' KO
	Unexpected behaviour : TypeError - this.split is not a function
capitalize - 'ipsum DOLOR' KO
	Unexpected behaviour : TypeError - this.split is not a function
capitalize - 'sit 8met consectetur' KO
	Unexpected behaviour : TypeError - this.split is not a function
capitalize - '_dipiscing elit' KO
	Unexpected behaviour : TypeError - this.split is not a function
capitalize - 'null' KO
	Unexpected behaviour : TypeError - Cannot read property 'capitalize' of null
capitalize - 'Object' KO
	Unexpected behaviour : TypeError - "capitalize" not implemented