Loading script...

Starting tests...
Checking type_check_v1
type_check_v1 - 'number' OK
type_check_v1 - 'StringNotNumber' OK
type_check_v1 - 'BooleanNotNumber' OK
type_check_v1 - 'object' OK
type_check_v1 - 'null' KO
	Unexpected behaviour : TypeError - Cannot read property 'valueOf' of null
type_check_v1 - 'undefined' KO
	Unexpected behaviour : TypeError - Cannot read property 'valueOf' of null
type_check_v1 - 'string' OK
type_check_v1 - 'array' KO
	expected : true - got false
type_check_v1 - 'function' KO
	Unexpected behaviour : TypeError - Cannot read property 'valueOf' of null
type_check_v1 - 'arrayNotObject' KO
	expected : false - got true

Checking type_check_v2
type_check_v2 - 'number' OK
type_check_v2 - 'numberNotValue' OK
type_check_v2 - 'numberNotObject' OK
type_check_v2 - 'stringEnum' KO
	expected : true - got false
type_check_v2 - 'objectMatch' KO
	expected : true - got false
type_check_v2 - 'objectNotMatch' OK

Checking type_check
type_check - 'number' KO
	expected : true - got undefined
type_check - 'numberNotValue' KO
	expected : false - got undefined
type_check - 'numberNotObject' KO
	expected : false - got undefined
type_check - 'stringEnum' KO
	expected : true - got undefined
type_check - 'objectMatch' KO
	expected : true - got undefined
type_check - 'objectNotMatch' KO
	expected : false - got undefined
type_check - 'objectSuperMatch' KO
	expected : true - got undefined

