Loading script...

Starting tests...
Checking ucfirst
ucfirst - 'test' OK
ucfirst - ' test' KO
	expected : " test" - got " Test"
ucfirst - 'Test' OK
ucfirst - 'TEST' OK
ucfirst - 'null' KO
	Unexpected behaviour : TypeError - Cannot read property 'replace' of null
ucfirst - 'Object' KO
	Unexpected behaviour : TypeError - string.replace is not a function

Checking capitalize
capitalize - 'test' OK
capitalize - ' test' OK
capitalize - 'ipsum DOLOR' KO
	expected : "Ipsum Dolor" - got "Ipsum DOLOR"
capitalize - 'sit 8met consectetur' OK
capitalize - '_dipiscing elit' OK
capitalize - 'null' KO
	Unexpected behaviour : TypeError - Cannot read property 'replace' of null
capitalize - 'Object' KO
	Unexpected behaviour : TypeError - string.replace is not a function

Checking camelCase
camelCase - 'toggle case is the coolest' OK
camelCase - 'toggleCase is the coolest' KO
	expected : "TogglecaseIsTheCoolest" - got "ToggleCaseIsTheCoolest"
camelCase - 'ToggleCase is the 3oolest' KO
	expected : "TogglecaseIsThe3oolest" - got "ToggleCaseIsThe3oolest"
camelCase - 'ToggleCaseIsTheCoolest' KO
	expected : "Togglecaseisthecoolest" - got "ToggleCaseIsTheCoolest"
camelCase - 'ToggleCase is_the coolest' KO
	expected : "TogglecaseIsTheCoolest" - got "ToggleCaseIs_theCoolest"
camelCase - ' toggleCase' KO
	expected : "Togglecase" - got "ToggleCase"
camelCase - 'null' KO
	Unexpected behaviour : TypeError - Cannot read property 'replace' of null
camelCase - 'Object' KO
	Unexpected behaviour : TypeError - string.replace is not a function

Checking snake_case
snake_case - 'toggle case is the coolest' KO
	expected : "toggle_case_is_the_coolest" - got "toggle-case-is-the-coolest"
snake_case - 'toggleCase is the coolest' KO
	expected : "togglecase_is_the_coolest" - got "togglecase-is-the-coolest"
snake_case - 'ToggleCase is the 3oolest' KO
	expected : "togglecase_is_the_3oolest" - got "togglecase-is-the-3oolest"
snake_case - 'ToggleCaseIsTheCool3st' OK
snake_case - 'ToggleCase is_the coolest' KO
	expected : "togglecase_is_the_coolest" - got "togglecase-is_the-coolest"
snake_case - ' toggleCase' KO
	expected : "_togglecase" - got "-togglecase"
snake_case - 'null' KO
	Unexpected behaviour : TypeError - Cannot read property 'toLowerCase' of null
snake_case - 'Object' KO
	Unexpected behaviour : TypeError - string.toLowerCase is not a function

Checking leet
leet - 'anaconda' KO
	Unexpected behaviour : TypeError - "leet" not implemented
leet - 'anacoNDa' KO
	Unexpected behaviour : TypeError - "leet" not implemented
leet - 'leet' KO
	Unexpected behaviour : TypeError - "leet" not implemented
leet - 'yoda' KO
	Unexpected behaviour : TypeError - "leet" not implemented
leet - 'evaluation' KO
	Unexpected behaviour : TypeError - "leet" not implemented
leet - 'mon travail' KO
	Unexpected behaviour : TypeError - "leet" not implemented
leet - ' ' KO
	Unexpected behaviour : TypeError - "leet" not implemented
leet - 'null' KO
	Unexpected behaviour : TypeError - "leet" not implemented
leet - 'Object' KO
	Unexpected behaviour : TypeError - "leet" not implemented

Checking verlan
verlan - 'anaconda' OK
verlan - 'kayak' OK
verlan - 'yoda m Luke' OK
verlan - '70da m L(_)k3' OK
verlan - ' ' OK
verlan - 'null' KO
	Unexpected behaviour : TypeError - Cannot read property 'split' of null
verlan - 'Object' KO
	Unexpected behaviour : TypeError - string.split is not a function

Checking yoda
yoda - 'anaconda' OK
yoda - 'yoda m Luke' OK
yoda - 'Inverser la position des mots d’une phrase' OK
yoda - ' ' OK
yoda - 'null' KO
	Unexpected behaviour : TypeError - Cannot read property 'split' of null
yoda - 'Object' KO
	Unexpected behaviour : TypeError - string.split is not a function

Checking vig
vig - 'un mot' OK
vig - 'un mot avec MAJ' KO
	expected : "fbhnqcsghnhiywcsbsqzsrsby" - got "fbhnncsghnniywcebsqzsrsby"
vig - 'une phrase longue' KO
	expected : "hna prueul xqrs prof lknqxi ohmr due no ieqt kewqsylrnp rsrn zibh gcy g dft fucge qn dhwv" - got "hnazkvcziygrasjgrasjospnydmmwicmqqijqibcitgwbcblqmoqxbymdazibryabcgblwsmjqsdrqnjwiua"
vig - ' ' KO
	expected : " " - got "s"
vig - 'null' KO
	Unexpected behaviour : TypeError - Cannot read property 'length' of null
vig - 'Object' OK

Checking prop_access
prop_access - 'path exist - value string' OK
prop_access - 'path exist - value object' OK
prop_access - 'path exist - value array' OK
prop_access - 'path not exist' KO
	expected : animal.gender not exist - got gender
prop_access - 'path empty' KO
	expected : {"animal":{"type":{"name":"dog"}}} - got " not exist"
prop_access - 'object null' KO
	Unexpected behaviour : TypeError - Cannot read property 'test' of null
prop_access - 'path null' KO
	Unexpected behaviour : TypeError - Cannot read property 'split' of null

