Loading script...

Starting tests...
Checking ucfirst
ucfirst - 'test' OK
ucfirst - ' test' OK
ucfirst - 'Test' OK
ucfirst - 'TEST' OK
ucfirst - 'null' KO
	Unexpected behaviour : TypeError - Cannot read property 'charAt' of null
ucfirst - 'Object' KO
	Unexpected behaviour : TypeError - string.charAt is not a function

Checking capitalize
capitalize - 'test' OK
capitalize - ' test' OK
capitalize - 'ipsum DOLOR' KO
	expected : "Ipsum Dolor" - got "Ipsum DOLOR"
capitalize - 'sit 8met consectetur' OK
capitalize - '_dipiscing elit' OK
capitalize - 'null' KO
	Unexpected behaviour : TypeError - Cannot read property 'split' of null
capitalize - 'Object' KO
	Unexpected behaviour : TypeError - string.split is not a function

Checking camelCase
camelCase - 'toggle case is the coolest' KO
	expected : "ToggleCaseIsTheCoolest" - got "toggleCaseIsTheCoolest"
camelCase - 'toggleCase is the coolest' KO
	expected : "TogglecaseIsTheCoolest" - got "toggleCaseIsTheCoolest"
camelCase - 'ToggleCase is the 3oolest' KO
	expected : "TogglecaseIsThe3oolest" - got "toggleCaseIsThe3oolest"
camelCase - 'ToggleCaseIsTheCoolest' KO
	expected : "Togglecaseisthecoolest" - got "toggleCaseIsTheCoolest"
camelCase - 'ToggleCase is_the coolest' KO
	expected : "TogglecaseIsTheCoolest" - got "toggleCaseIs_theCoolest"
camelCase - ' toggleCase' KO
	expected : "Togglecase" - got "toggleCase"
camelCase - 'null' KO
	Unexpected behaviour : TypeError - Cannot read property 'split' of null
camelCase - 'Object' KO
	Unexpected behaviour : TypeError - string.split is not a function

Checking snake_case
snake_case - 'toggle case is the coolest' OK
snake_case - 'toggleCase is the coolest' OK
snake_case - 'ToggleCase is the 3oolest' OK
snake_case - 'ToggleCaseIsTheCool3st' OK
snake_case - 'ToggleCase is_the coolest' OK
snake_case - ' toggleCase' OK
snake_case - 'null' KO
	Unexpected behaviour : TypeError - Cannot read property 'split' of null
snake_case - 'Object' KO
	Unexpected behaviour : TypeError - string.split is not a function

Checking leet
leet - 'anaconda' KO
	expected : "4n4c0nd4" - got "4n4c0n04"
leet - 'anacoNDa' KO
	expected : "4n4c0ND4" - got "4n4c0N04"
leet - 'leet' KO
	expected : "l33t" - got "1337"
leet - 'yoda' KO
	expected : "70d4" - got "y004"
leet - 'evaluation' KO
	expected : "3v4l(_)4t10n" - got "3v41u4710n"
leet - 'mon travail' KO
	expected : "m0n tr4v41l" - got "m0n 7r4v411"
leet - ' ' OK
leet - 'null' KO
	Unexpected behaviour : TypeError - Cannot read property 'split' of null
leet - 'Object' KO
	Unexpected behaviour : TypeError - string.split is not a function

Checking verlan
verlan - 'anaconda' KO
	expected : "adnocana" - got "adnocana "
verlan - 'kayak' KO
	expected : "kayak" - got "kayak "
verlan - 'yoda m Luke' KO
	expected : "adoy m ekuL" - got "adoy m ekuL "
verlan - '70da m L(_)k3' KO
	expected : "ad07 m 3k)_(L" - got "ad07 m 3k)_(L "
verlan - ' ' KO
	expected : " " - got "  "
verlan - 'null' KO
	Unexpected behaviour : TypeError - Cannot read property 'split' of null
verlan - 'Object' KO
	Unexpected behaviour : TypeError - string.split is not a function

Checking yoda
yoda - 'anaconda' OK
yoda - 'yoda m Luke' KO
	expected : "Luke m yoda" - got "Luke yoda m"
yoda - 'Inverser la position des mots d’une phrase' KO
	expected : "phrase d’une mots des position la Inverser" - got "Inverser la des mots d’une position phrase"
yoda - ' ' OK
yoda - 'null' KO
	Unexpected behaviour : TypeError - Cannot read property 'split' of null
yoda - 'Object' KO
	Unexpected behaviour : TypeError - string.split is not a function

Checking vig
vig - 'un mot' KO
	expected : "fbhnqcsghnhiywcsbsqzsrsby" - got undefined
vig - 'un mot avec MAJ' KO
	expected : "fbhnqcsghnhiywcsbsqzsrsby" - got undefined
vig - 'une phrase longue' KO
	expected : "hna prueul xqrs prof lknqxi ohmr due no ieqt kewqsylrnp rsrn zibh gcy g dft fucge qn dhwv" - got undefined
vig - ' ' KO
	expected : " " - got undefined
vig - 'null' KO
	expected : "" - got undefined
vig - 'Object' KO
	expected : "" - got undefined

Checking prop_access
prop_access - 'path exist - value string' OK
prop_access - 'path exist - value object' OK
prop_access - 'path exist - value array' OK
prop_access - 'path not exist' KO
	expected : animal.gender not exist - got null
prop_access - 'path empty' KO
	expected : {"animal":{"type":{"name":"dog"}}} - got undefined
prop_access - 'object null' KO
	Unexpected behaviour : ReferenceError - self is not defined
prop_access - 'path null' KO
	Unexpected behaviour : TypeError - Cannot read property 'split' of null

