Loading script...

Starting tests...
Checking ucfirst
ucfirst - 'test' OK
ucfirst - ' test' OK
ucfirst - 'Test' OK
ucfirst - 'TEST' KO
	expected : "TEST" - got "Test"
ucfirst - 'null' KO
	expected : "" - got false
ucfirst - 'Object' KO
	expected : "" - got false

Checking capitalize
capitalize - 'test' KO
	expected : "Test" - got "TEST"
capitalize - ' test' KO
	expected : " Test" - got " TEST"
capitalize - 'ipsum DOLOR' KO
	expected : "Ipsum Dolor" - got "IPSUM DOLOR"
capitalize - 'sit 8met consectetur' KO
	expected : "Sit 8met Consectetur" - got "SIT 8MET CONSECTETUR"
capitalize - '_dipiscing elit' KO
	expected : "_dipiscing Elit" - got "_DIPISCING ELIT"
capitalize - 'null' KO
	expected : "" - got false
capitalize - 'Object' KO
	expected : "" - got false

Checking camelCase
camelCase - 'toggle case is the coolest' OK
camelCase - 'toggleCase is the coolest' OK
camelCase - 'ToggleCase is the 3oolest' OK
camelCase - 'ToggleCaseIsTheCoolest' OK
camelCase - 'ToggleCase is_the coolest' KO
	expected : "TogglecaseIsTheCoolest" - got "TogglecaseIs_theCoolest"
camelCase - ' toggleCase' KO
	expected : "Togglecase" - got "falseTogglecase"
camelCase - 'null' KO
	expected : "" - got false
camelCase - 'Object' KO
	expected : "" - got false

Checking snake_case
snake_case - 'toggle case is the coolest' OK
snake_case - 'toggleCase is the coolest' KO
	expected : "togglecase_is_the_coolest" - got "toggleCase_is_the_coolest"
snake_case - 'ToggleCase is the 3oolest' KO
	expected : "togglecase_is_the_3oolest" - got "ToggleCase_is_the_3oolest"
snake_case - 'ToggleCaseIsTheCool3st' KO
	expected : "togglecaseisthecool3st" - got "ToggleCaseIsTheCool3st"
snake_case - 'ToggleCase is_the coolest' KO
	expected : "togglecase_is_the_coolest" - got "ToggleCase_is_the_coolest"
snake_case - ' toggleCase' KO
	expected : "_togglecase" - got "_toggleCase"
snake_case - 'null' KO
	expected : "" - got false
snake_case - 'Object' KO
	expected : "" - got false

Checking leet
leet - 'anaconda' KO
	expected : "4n4c0nd4" - got false
leet - 'anacoNDa' KO
	expected : "4n4c0ND4" - got false
leet - 'leet' KO
	expected : "l33t" - got false
leet - 'yoda' KO
	expected : "70d4" - got false
leet - 'evaluation' KO
	expected : "3v4l(_)4t10n" - got false
leet - 'mon travail' KO
	expected : "m0n tr4v41l" - got false
leet - ' ' KO
	expected : " " - got false
leet - 'null' KO
	expected : "" - got false
leet - 'Object' KO
	expected : "" - got false

Checking verlan
verlan - 'anaconda' OK
verlan - 'kayak' OK
verlan - 'yoda m Luke' KO
	expected : "adoy m ekuL" - got "ekuL m adoy"
verlan - '70da m L(_)k3' KO
	expected : "ad07 m 3k)_(L" - got "3k)_(L m ad07"
verlan - ' ' OK
verlan - 'null' KO
	expected : "" - got false
verlan - 'Object' KO
	expected : "" - got false

Checking yoda
yoda - 'anaconda' OK
yoda - 'yoda m Luke' OK
yoda - 'Inverser la position des mots d’une phrase' OK
yoda - ' ' OK
yoda - 'null' KO
	expected : "" - got false
yoda - 'Object' KO
	expected : "" - got false

Checking vig
vig - 'un mot' KO
	expected : "fbhnqcsghnhiywcsbsqzsrsby" - got "FBHNQCSGHNHIYWCSBSQZSRSBY"
vig - 'un mot avec MAJ' KO
	expected : "fbhnqcsghnhiywcsbsqzsrsby" - got "FBHNQCSGHNHIYWCSBSQZSRSBY"
vig - 'une phrase longue' KO
	expected : "hna prueul xqrs prof lknqxi ohmr due no ieqt kewqsylrnp rsrn zibh gcy g dft fucge qn dhwv" - got "HNAZKVCZIGRASGRASOSPNYDMWICQQIQICITGWBCBLQMOQXYMDAZIBRYABGLWSJQSDRQNWIUA"
vig - ' ' KO
	expected : " " - got ""
vig - 'null' KO
	expected : "" - got false
vig - 'Object' KO
	expected : "" - got false

Checking prop_access
prop_access - 'path exist - value string' OK
prop_access - 'path exist - value object' OK
prop_access - 'path exist - value array' OK
prop_access - 'path not exist' KO
	expected : animal.gender not exist - got null
prop_access - 'path empty' KO
	expected : {"animal":{"type":{"name":"dog"}}} - got false
prop_access - 'object null' KO
	expected : test not exist - got null
prop_access - 'path null' KO
	expected : {"animal":{"type":{"name":"dog"}}} - got false

