Loading script...

Starting tests...
Checking ucfirst
ucfirst - 'test' OK
ucfirst - ' test' OK
ucfirst - 'Test' OK
ucfirst - 'TEST' OK
ucfirst - 'null' KO
	Unexpected behaviour : TypeError - Cannot read property 'length' of null
ucfirst - 'Object' KO
	expected : "" - got {"foo":"bar"}

Checking capitalize
capitalize - 'test' KO
	expected : "Test" - got "Test "
capitalize - ' test' KO
	expected : " Test" - got " Test "
capitalize - 'ipsum DOLOR' KO
	expected : "Ipsum Dolor" - got "Ipsum DOLOR "
capitalize - 'sit 8met consectetur' KO
	expected : "Sit 8met Consectetur" - got "Sit 8met Consectetur "
capitalize - '_dipiscing elit' KO
	expected : "_dipiscing Elit" - got "_dipiscing Elit "
capitalize - 'null' KO
	Unexpected behaviour : TypeError - Cannot read property 'length' of null
capitalize - 'Object' KO
	expected : "" - got {"foo":"data"}

Checking camelCase
camelCase - 'toggle case is the coolest' OK
camelCase - 'toggleCase is the coolest' KO
	expected : "TogglecaseIsTheCoolest" - got "ToggleCaseIsTheCoolest"
camelCase - 'ToggleCase is the 3oolest' KO
	expected : "TogglecaseIsThe3oolest" - got "ToggleCaseIsThe3oolest"
camelCase - 'ToggleCaseIsTheCoolest' KO
	expected : "Togglecaseisthecoolest" - got "ToggleCaseIsTheCoolest"
camelCase - 'ToggleCase is_the coolest' KO
	expected : "TogglecaseIsTheCoolest" - got "ToggleCaseIs_theCoolest"
camelCase - ' toggleCase' KO
	expected : "Togglecase" - got "ToggleCase"
camelCase - 'null' KO
	Unexpected behaviour : TypeError - Cannot read property 'length' of null
camelCase - 'Object' KO
	expected : "" - got {"foo":"data"}

Checking snake_case
snake_case - 'toggle case is the coolest' KO
	expected : "toggle_case_is_the_coolest" - got "toggle-case-is-the-coolest"
snake_case - 'toggleCase is the coolest' KO
	expected : "togglecase_is_the_coolest" - got "togglecase-is-the-coolest"
snake_case - 'ToggleCase is the 3oolest' KO
	expected : "togglecase_is_the_3oolest" - got "togglecase-is-the-3oolest"
snake_case - 'ToggleCaseIsTheCool3st' OK
snake_case - 'ToggleCase is_the coolest' KO
	expected : "togglecase_is_the_coolest" - got "togglecase-is_the-coolest"
snake_case - ' toggleCase' KO
	expected : "_togglecase" - got "-togglecase"
snake_case - 'null' KO
	Unexpected behaviour : TypeError - Cannot read property 'length' of null
snake_case - 'Object' KO
	expected : "" - got {"foo":"data"}

Checking leet
leet - 'anaconda' OK
leet - 'anacoNDa' KO
	expected : "4n4c0ND4" - got "4n4c0nd4"
leet - 'leet' OK
leet - 'yoda' OK
leet - 'evaluation' KO
	expected : "3v4l(_)4t10n" - got "3v4l_4t10n"
leet - 'mon travail' OK
leet - ' ' OK
leet - 'null' KO
	Unexpected behaviour : TypeError - Cannot read property 'toLowerCase' of null
leet - 'Object' KO
	Unexpected behaviour : TypeError - str.toLowerCase is not a function

Checking verlan
verlan - 'anaconda' OK
verlan - 'kayak' OK
verlan - 'yoda m Luke' OK
verlan - '70da m L(_)k3' OK
verlan - ' ' OK
verlan - 'null' KO
	Unexpected behaviour : TypeError - Cannot read property 'split' of null
verlan - 'Object' KO
	Unexpected behaviour : TypeError - str.split is not a function

Checking yoda
yoda - 'anaconda' OK
yoda - 'yoda m Luke' OK
yoda - 'Inverser la position des mots d’une phrase' OK
yoda - ' ' OK
yoda - 'null' KO
	Unexpected behaviour : TypeError - Cannot read property 'split' of null
yoda - 'Object' KO
	Unexpected behaviour : TypeError - str.split is not a function

Checking vig
vig - 'un mot' OK
vig - 'un mot avec MAJ' KO
	expected : "fbhnqcsghnhiywcsbsqzsrsby" - got "fbhnncsghnniywcebsqzsrsby"
vig - 'une phrase longue' KO
	expected : "hna prueul xqrs prof lknqxi ohmr due no ieqt kewqsylrnp rsrn zibh gcy g dft fucge qn dhwv" - got "hnazkvcziygrasjgrasjospnydmmwicmqqijqibcitgwbcblqmoqxbymdazibryabcgblwsmjqsdrqnjwiua"
vig - ' ' KO
	expected : " " - got "s"
vig - 'null' KO
	Unexpected behaviour : TypeError - Cannot read property 'length' of null
vig - 'Object' OK

Checking prop_access
prop_access - 'path exist - value string' OK
prop_access - 'path exist - value object' OK
prop_access - 'path exist - value array' OK
prop_access - 'path not exist' KO
	expected : animal.gender not exist - got null
prop_access - 'path empty' KO
	Unexpected behaviour : TypeError - Cannot convert undefined or null to object
prop_access - 'object null' KO
	expected : test not exist - got null
prop_access - 'path null' KO
	Unexpected behaviour : TypeError - Cannot read property 'length' of null

