

Checking ucfirst
ucfirst - 'test' KO
	Unexpected behaviour : TypeError - "ucfirst" not implemented
ucfirst - ' test' KO
	Unexpected behaviour : TypeError - "ucfirst" not implemented
ucfirst - 'Test' KO
	Unexpected behaviour : TypeError - "ucfirst" not implemented
ucfirst - 'TEST' KO
	Unexpected behaviour : TypeError - "ucfirst" not implemented
ucfirst - 'null' KO
	Unexpected behaviour : TypeError - "ucfirst" not implemented
ucfirst - 'Object' KO
	Unexpected behaviour : TypeError - "ucfirst" not implemented

Checking capitalize
capitalize - 'test' OK
capitalize - ' test' OK
capitalize - 'ipsum DOLOR' KO
	expected : "Ipsum Dolor" - got "Ipsum DOLOR"
capitalize - 'sit 8met consectetur' OK
capitalize - '_dipiscing elit' OK
capitalize - 'null' KO
	Unexpected behaviour : TypeError - Cannot read property 'length' of null
capitalize - 'Object' KO
	expected : "" - got {"foo":"data"}

Checking camelCase
camelCase - 'toggle case is the coolest' OK
camelCase - 'toggleCase is the coolest' KO
	expected : "TogglecaseIsTheCoolest" - got "ToggleCaseIsTheCoolest"
camelCase - 'ToggleCase is the 3oolest' KO
	expected : "TogglecaseIsThe3oolest" - got "ToggleCaseIsThe3oolest"
camelCase - 'ToggleCaseIsTheCoolest' KO
	expected : "Togglecaseisthecoolest" - got "ToggleCaseIsTheCoolest"
camelCase - 'ToggleCase is_the coolest' KO
	expected : "TogglecaseIsTheCoolest" - got "ToggleCaseIs_theCoolest"
camelCase - ' toggleCase' KO
	expected : "Togglecase" - got "ToggleCase"
camelCase - 'null' KO
	Unexpected behaviour : TypeError - Cannot read property 'length' of null
camelCase - 'Object' KO
	expected : "" - got {"foo":"data"}

Checking snake_case
snake_case - 'toggle case is the coolest' OK
snake_case - 'toggleCase is the coolest' KO
	expected : "togglecase_is_the_coolest" - got "toggleCase_is_the_coolest"
snake_case - 'ToggleCase is the 3oolest' KO
	expected : "togglecase_is_the_3oolest" - got "ToggleCase_is_the_3oolest"
snake_case - 'ToggleCaseIsTheCool3st' KO
	expected : "togglecaseisthecool3st" - got "ToggleCaseIsTheCool3st"
snake_case - 'ToggleCase is_the coolest' KO
	expected : "togglecase_is_the_coolest" - got "ToggleCase_is_the_coolest"
snake_case - ' toggleCase' KO
	expected : "_togglecase" - got "_toggleCase"
snake_case - 'null' KO
	Unexpected behaviour : TypeError - Cannot read property 'length' of null
snake_case - 'Object' KO
	expected : "" - got {"foo":"data"}

Checking leet
leet - 'anaconda' OK
leet - 'leet' KO
	expected : "l33t" - got "1337"
leet - 'yoda' KO
	expected : "70d4" - got "y0d4"
leet - 'evaluation' KO
	expected : "3v4l(_)4t10n" - got "3v41u47i0n"
leet - 'mon travail' KO
	expected : "m0n tr4v41l" - got "m0n 7r4v4i1"
leet - ' ' OK
leet - 'null' KO
	Unexpected behaviour : TypeError - Cannot read property 'length' of null
leet - 'Object' OK

Checking verlan
verlan - 'anaconda' OK
verlan - 'kayak' OK
verlan - 'yoda m Luke' OK
verlan - '70da m L(_)k3' OK
verlan - ' ' OK
verlan - 'null' KO
	Unexpected behaviour : TypeError - Cannot read property 'length' of null
verlan - 'Object' KO
	expected : "" - got {"foo":"data"}

Checking yoda
yoda - 'anaconda' OK
yoda - 'yoda m Luke' OK
yoda - 'Inverser la position des mots d’une phrase' OK
yoda - ' ' OK
yoda - 'null' KO
	Unexpected behaviour : TypeError - Cannot read property 'length' of null
yoda - 'Object' KO
	expected : "" - got {"foo":"data"}

Checking vig
vig - 'un mot' KO
	expected : "fbhnqcsghnhiywcsbsqzsrsby" - got "FBHNQCSGHNHIYWCSBSQZSRSBY"
vig - 'un mot avec MAJ' KO
	expected : "fbhnqcsghnhiywcsbsqzsrsby" - got "FBHNQCSGHNHIYWCSBSQZSRSBY"
vig - 'une phrase longue' KO
	expected : "hna prueul xqrs prof lknqxi ohmr due no ieqt kewqsylrnp rsrn zibh gcy g dft fucge qn dhwv" - got "HNAPRUEULXQRSPROFLKNQXIOHMRDUENOIEQTKEWQSYLRNPRSRNZIBHGCYGDFTFUCGEQNDHWV"
vig - ' ' KO
	expected : " " - got ""
vig - 'null' KO
	Unexpected behaviour : TypeError - Cannot read property 'toUpperCase' of null
vig - 'Object' KO
	Unexpected behaviour : TypeError - text.toUpperCase is not a function

Checking prop_access
prop_access - 'path exist - value string' KO
	expected : "dog" - got "[object Object].animal.type.name"
prop_access - 'path exist - value object' KO
	expected : {"name":"dog"} - got "[object Object].animal.type"
prop_access - 'path not exist' KO
	expected : animal.gender not exist - got null
prop_access - 'path empty' KO
	expected : {"animal":{"type":{"name":"dog"}}} - got undefined
prop_access - 'object null' KO
	expected : test not exist - got null
prop_access - 'path null' KO
	Unexpected behaviour : TypeError - Cannot read property 'length' of null
