

Checking ucfirst
ucfirst - 'test' OK
ucfirst - ' test' OK
ucfirst - 'Test' OK
ucfirst - 'TEST' OK
ucfirst - 'null' KO
	Unexpected behaviour : TypeError - Cannot read property 'charAt' of null
ucfirst - 'Object' KO
	Unexpected behaviour : TypeError - string.charAt is not a function

Checking capitalize
capitalize - 'test' KO
	expected : "Test" - got "Test "
capitalize - ' test' KO
	expected : " Test" - got " Test "
capitalize - 'ipsum DOLOR' KO
	expected : "Ipsum Dolor" - got "Ipsum DOLOR "
capitalize - 'sit 8met consectetur' KO
	expected : "Sit 8met Consectetur" - got "Sit 8met Consectetur "
capitalize - '_dipiscing elit' KO
	expected : "_dipiscing Elit" - got "_dipiscing Elit "
capitalize - 'null' KO
	Unexpected behaviour : TypeError - Cannot read property 'split' of null
capitalize - 'Object' KO
	Unexpected behaviour : TypeError - string.split is not a function

Checking camelCase
camelCase - 'toggle case is the coolest' KO
	expected : "ToggleCaseIsTheCoolest" - got "ToggleCase Is The Coolest "
camelCase - 'toggleCase is the coolest' KO
	expected : "TogglecaseIsTheCoolest" - got "ToggleCaseIs The Coolest "
camelCase - 'ToggleCase is the 3oolest' KO
	expected : "TogglecaseIsThe3oolest" - got "ToggleCaseIs The 3oolest "
camelCase - 'ToggleCaseIsTheCoolest' KO
	expected : "Togglecaseisthecoolest" - got "ToggleCaseIsTheCoolest"
camelCase - 'ToggleCase is_the coolest' KO
	expected : "TogglecaseIsTheCoolest" - got "ToggleCaseIs_the Coolest "
camelCase - ' toggleCase' KO
	expected : "Togglecase" - got "ToggleCase "
camelCase - 'null' KO
	Unexpected behaviour : TypeError - Cannot read property 'split' of null
camelCase - 'Object' KO
	Unexpected behaviour : TypeError - string.split is not a function

Checking snake_case
snake_case - 'toggle case is the coolest' KO
	expected : "toggle_case_is_the_coolest" - got "toggle_case is the coolest"
snake_case - 'toggleCase is the coolest' KO
	expected : "togglecase_is_the_coolest" - got "togglecase_is the coolest"
snake_case - 'ToggleCase is the 3oolest' KO
	expected : "togglecase_is_the_3oolest" - got "togglecase_is the 3oolest"
snake_case - 'ToggleCaseIsTheCool3st' OK
snake_case - 'ToggleCase is_the coolest' KO
	expected : "togglecase_is_the_coolest" - got "togglecase_is_the coolest"
snake_case - ' toggleCase' OK
snake_case - 'null' KO
	Unexpected behaviour : TypeError - Cannot read property 'toLowerCase' of null
snake_case - 'Object' KO
	Unexpected behaviour : TypeError - string.toLowerCase is not a function

Checking leet
leet - 'anaconda' OK
leet - 'leet' OK
leet - 'yoda' OK
leet - 'evaluation' KO
	expected : "3v4l(_)4t10n" - got "3v4l_4t10n"
leet - 'mon travail' OK
leet - ' ' OK
leet - 'null' KO
	Unexpected behaviour : TypeError - Cannot read property 'length' of null
leet - 'Object' OK

Checking verlan
verlan - 'anaconda' KO
	expected : "adnocana" - got undefined
verlan - 'kayak' KO
	expected : "kayak" - got undefined
verlan - 'yoda m Luke' KO
	expected : "adoy m ekuL" - got undefined
verlan - '70da m L(_)k3' KO
	expected : "ad07 m 3k)_(L" - got undefined
verlan - ' ' KO
	expected : " " - got undefined
verlan - 'null' KO
	expected : "" - got undefined
verlan - 'Object' KO
	expected : "" - got undefined

Checking yoda
yoda - 'anaconda' KO
	expected : "anaconda" - got "anaconda "
yoda - 'yoda m Luke' KO
	expected : "Luke m yoda" - got "Luke m yoda "
yoda - 'Inverser la position des mots d’une phrase' KO
	expected : "phrase d’une mots des position la Inverser" - got "phrase d’une mots des position la Inverser "
yoda - ' ' KO
	expected : " " - got "  "
yoda - 'null' KO
	Unexpected behaviour : TypeError - Cannot read property 'split' of null
yoda - 'Object' KO
	Unexpected behaviour : TypeError - string.split is not a function

Checking vig
vig - 'un mot' KO
	Unexpected behaviour : TypeError - "vig" not implemented
vig - 'un mot avec MAJ' KO
	Unexpected behaviour : TypeError - "vig" not implemented
vig - 'une phrase longue' KO
	Unexpected behaviour : TypeError - "vig" not implemented
vig - ' ' KO
	Unexpected behaviour : TypeError - "vig" not implemented
vig - 'null' KO
	Unexpected behaviour : TypeError - "vig" not implemented
vig - 'Object' KO
	Unexpected behaviour : TypeError - "vig" not implemented

Checking prop_access
prop_access - 'path exist - value string' KO
	Unexpected behaviour : TypeError - "prop_access" not implemented
prop_access - 'path exist - value object' KO
	Unexpected behaviour : TypeError - "prop_access" not implemented
prop_access - 'path not exist' KO
	Unexpected behaviour : TypeError - "prop_access" not implemented
prop_access - 'path empty' KO
	Unexpected behaviour : TypeError - "prop_access" not implemented
prop_access - 'object null' KO
	Unexpected behaviour : TypeError - "prop_access" not implemented
prop_access - 'path null' KO
	Unexpected behaviour : TypeError - "prop_access" not implemented
