Loading script...

Starting tests...
Checking ucfirst
ucfirst - 'test' OK
ucfirst - ' test' OK
ucfirst - 'Test' OK
ucfirst - 'TEST' OK
ucfirst - 'null' KO
	expected : "" - got undefined
ucfirst - 'Object' KO
	Unexpected behaviour : TypeError - str.charAt is not a function

Checking capitalize
capitalize - 'test' OK
capitalize - ' test' KO
	expected : " Test" - got "function Error() { [native code] } Test"
capitalize - 'ipsum DOLOR' KO
	expected : "Ipsum Dolor" - got "Ipsum DOLOR"
capitalize - 'sit 8met consectetur' OK
capitalize - '_dipiscing elit' OK
capitalize - 'null' KO
	expected : "" - got undefined
capitalize - 'Object' KO
	Unexpected behaviour : TypeError - str.split is not a function

Checking camelCase
camelCase - 'toggle case is the coolest' OK
camelCase - 'toggleCase is the coolest' KO
	expected : "TogglecaseIsTheCoolest" - got "ToggleCaseIsTheCoolest"
camelCase - 'ToggleCase is the 3oolest' KO
	expected : "TogglecaseIsThe3oolest" - got "ToggleCaseIsThe3oolest"
camelCase - 'ToggleCaseIsTheCoolest' KO
	expected : "Togglecaseisthecoolest" - got "ToggleCaseIsTheCoolest"
camelCase - 'ToggleCase is_the coolest' KO
	expected : "TogglecaseIsTheCoolest" - got "ToggleCaseIs_theCoolest"
camelCase - ' toggleCase' KO
	expected : "Togglecase" - got "functionError(){[nativecode]}ToggleCase"
camelCase - 'null' KO
	expected : "" - got undefined
camelCase - 'Object' KO
	Unexpected behaviour : TypeError - str.split is not a function

Checking snake_case
snake_case - 'toggle case is the coolest' OK
snake_case - 'toggleCase is the coolest' OK
snake_case - 'ToggleCase is the 3oolest' OK
snake_case - 'ToggleCaseIsTheCool3st' OK
snake_case - 'ToggleCase is_the coolest' OK
snake_case - ' toggleCase' OK
snake_case - 'null' KO
	expected : "" - got undefined
snake_case - 'Object' KO
	Unexpected behaviour : TypeError - str.toLowerCase is not a function

Checking leet
leet - 'anaconda' KO
	expected : "4n4c0nd4" - got "anaconda"
leet - 'anacoNDa' KO
	expected : "4n4c0ND4" - got "anacoNDa"
leet - 'leet' KO
	expected : "l33t" - got "leet"
leet - 'yoda' KO
	expected : "70d4" - got "yoda"
leet - 'evaluation' KO
	expected : "3v4l(_)4t10n" - got "evaluation"
leet - 'mon travail' KO
	expected : "m0n tr4v41l" - got "mon travail"
leet - ' ' OK
leet - 'null' KO
	Unexpected behaviour : TypeError - Cannot convert undefined or null to object
leet - 'Object' KO
	expected : "" - got {"foo":"data"}

Checking verlan
verlan - 'anaconda' KO
	expected : "adnocana" - got undefined
verlan - 'kayak' KO
	expected : "kayak" - got undefined
verlan - 'yoda m Luke' KO
	expected : "adoy m ekuL" - got undefined
verlan - '70da m L(_)k3' KO
	expected : "ad07 m 3k)_(L" - got undefined
verlan - ' ' KO
	expected : " " - got undefined
verlan - 'null' KO
	expected : "" - got undefined
verlan - 'Object' KO
	expected : "" - got undefined

Checking yoda
yoda - 'anaconda' KO
	expected : "anaconda" - got undefined
yoda - 'yoda m Luke' KO
	expected : "Luke m yoda" - got undefined
yoda - 'Inverser la position des mots d’une phrase' KO
	expected : "phrase d’une mots des position la Inverser" - got undefined
yoda - ' ' KO
	expected : " " - got undefined
yoda - 'null' KO
	expected : "" - got undefined
yoda - 'Object' KO
	expected : "" - got undefined

Checking vig
vig - 'un mot' KO
	expected : "fbhnqcsghnhiywcsbsqzsrsby" - got undefined
vig - 'un mot avec MAJ' KO
	expected : "fbhnqcsghnhiywcsbsqzsrsby" - got undefined
vig - 'une phrase longue' KO
	expected : "hna prueul xqrs prof lknqxi ohmr due no ieqt kewqsylrnp rsrn zibh gcy g dft fucge qn dhwv" - got undefined
vig - ' ' KO
	expected : " " - got undefined
vig - 'null' KO
	expected : "" - got undefined
vig - 'Object' KO
	expected : "" - got undefined

Checking prop_access
prop_access - 'path exist - value string' KO
	expected : "dog" - got undefined
prop_access - 'path exist - value object' KO
	expected : {"name":"dog"} - got undefined
prop_access - 'path exist - value array' KO
	expected : {"name":"cat"} - got undefined
prop_access - 'path not exist' KO
	expected : animal.gender not exist - got null
prop_access - 'path empty' KO
	expected : {"animal":{"type":{"name":"dog"}}} - got undefined
prop_access - 'object null' KO
	expected : test not exist - got null
prop_access - 'path null' KO
	expected : {"animal":{"type":{"name":"dog"}}} - got undefined

