

Checking ucfirst
ucfirst - 'test' OK
ucfirst - ' test' OK
ucfirst - 'Test' OK
ucfirst - 'TEST' KO
	expected : "TEST" - got "Test"
ucfirst - 'null' KO
	Unexpected behaviour : TypeError - Cannot read property 'slice' of null
ucfirst - 'Object' KO
	Unexpected behaviour : TypeError - str.slice is not a function

Checking capitalize
capitalize - 'test' OK
capitalize - ' test' OK
capitalize - 'ipsum DOLOR' OK
capitalize - 'sit 8met consectetur' OK
capitalize - '_dipiscing elit' OK
capitalize - 'null' KO
	Unexpected behaviour : TypeError - Cannot read property 'split' of null
capitalize - 'Object' KO
	Unexpected behaviour : TypeError - str.split is not a function

Checking camelCase
camelCase - 'toggle case is the coolest' OK
camelCase - 'toggleCase is the coolest' OK
camelCase - 'ToggleCase is the 3oolest' OK
camelCase - 'ToggleCaseIsTheCoolest' OK
camelCase - 'ToggleCase is_the coolest' KO
	expected : "TogglecaseIsTheCoolest" - got "TogglecaseIs_theCoolest"
camelCase - ' toggleCase' OK
camelCase - 'null' KO
	Unexpected behaviour : TypeError - Cannot read property 'split' of null
camelCase - 'Object' KO
	Unexpected behaviour : TypeError - str.split is not a function

Checking snake_case
snake_case - 'toggle case is the coolest' KO
	expected : "toggle_case_is_the_coolest" - got "toggle_case is the coolest"
snake_case - 'toggleCase is the coolest' KO
	expected : "togglecase_is_the_coolest" - got "togglecase_is the coolest"
snake_case - 'ToggleCase is the 3oolest' KO
	expected : "togglecase_is_the_3oolest" - got "togglecase_is the 3oolest"
snake_case - 'ToggleCaseIsTheCool3st' OK
snake_case - 'ToggleCase is_the coolest' KO
	expected : "togglecase_is_the_coolest" - got "togglecase_is_the coolest"
snake_case - ' toggleCase' OK
snake_case - 'null' KO
	Unexpected behaviour : TypeError - Cannot read property 'split' of null
snake_case - 'Object' KO
	Unexpected behaviour : TypeError - str.split is not a function

Checking leet
leet - 'anaconda' OK
leet - 'leet' OK
leet - 'yoda' OK
leet - 'evaluation' OK
leet - 'mon travail' OK
leet - ' ' OK
leet - 'null' KO
	Unexpected behaviour : TypeError - Cannot read property 'replace' of null
leet - 'Object' KO
	Unexpected behaviour : TypeError - str.replace is not a function

Checking verlan
verlan - 'anaconda' OK
verlan - 'kayak' OK
verlan - 'yoda m Luke' OK
verlan - '70da m L(_)k3' OK
verlan - ' ' OK
verlan - 'null' KO
	Unexpected behaviour : TypeError - Cannot read property 'split' of null
verlan - 'Object' KO
	Unexpected behaviour : TypeError - str.split is not a function

Checking yoda
yoda - 'anaconda' OK
yoda - 'yoda m Luke' OK
yoda - 'Inverser la position des mots d’une phrase' OK
yoda - ' ' OK
yoda - 'null' KO
	Unexpected behaviour : TypeError - Cannot read property 'split' of null
yoda - 'Object' KO
	Unexpected behaviour : TypeError - str.split is not a function

Checking vig
vig - 'un mot' OK
vig - 'un mot avec MAJ' OK
vig - 'une phrase longue' KO
	expected : "hna prueul xqrs prof lknqxi ohmr due no ieqt kewqsylrnp rsrn zibh gcy g dft fucge qn dhwv" - got "hnaprueulxqrsproflknqxiohmrduenoieqtkewqsylrnprsrnzibhgcygdftfucgeqndhwv"
vig - ' ' KO
	expected : " " - got ""
vig - 'null' KO
	Unexpected behaviour : TypeError - Cannot read property 'toUpperCase' of null
vig - 'Object' KO
	Unexpected behaviour : TypeError - str1.toUpperCase is not a function

Checking prop_access
prop_access - 'path exist - value string' OK
prop_access - 'path exist - value object' OK
prop_access - 'path not exist' KO
	expected : animal.gender not exist - got null
prop_access - 'path empty' OK
prop_access - 'object null' KO
	Unexpected behaviour : TypeError - Cannot read property 'hasOwnProperty' of null
prop_access - 'path null' KO
	Unexpected behaviour : TypeError - Cannot read property 'split' of null
