

Checking ucfirst
ucfirst - 'test' OK
ucfirst - ' test' OK
ucfirst - 'Test' OK
ucfirst - 'TEST' OK
ucfirst - 'null' KO
	Unexpected behaviour : TypeError - Cannot convert undefined or null to object
ucfirst - 'Object' KO
	Unexpected behaviour : TypeError - Cannot convert undefined or null to object

Checking capitalize
capitalize - 'test' OK
capitalize - ' test' OK
capitalize - 'ipsum DOLOR' KO
	expected : "Ipsum Dolor" - got "Ipsum DOLOR"
capitalize - 'sit 8met consectetur' OK
capitalize - '_dipiscing elit' OK
capitalize - 'null' KO
	Unexpected behaviour : TypeError - Cannot convert undefined or null to object
capitalize - 'Object' KO
	Unexpected behaviour : TypeError - Cannot convert undefined or null to object

Checking camelCase
camelCase - 'toggle case is the coolest' KO
	expected : "ToggleCaseIsTheCoolest" - got "ToggleCase Is The Coolest"
camelCase - 'toggleCase is the coolest' KO
	expected : "TogglecaseIsTheCoolest" - got "ToggleCaseIs The Coolest"
camelCase - 'ToggleCase is the 3oolest' KO
	expected : "TogglecaseIsThe3oolest" - got "ToggleCaseIs The 3oolest"
camelCase - 'ToggleCaseIsTheCoolest' KO
	expected : "Togglecaseisthecoolest" - got "ToggleCaseIsTheCoolest"
camelCase - 'ToggleCase is_the coolest' KO
	expected : "TogglecaseIsTheCoolest" - got "ToggleCaseIs_the Coolest"
camelCase - ' toggleCase' KO
	expected : "Togglecase" - got "ToggleCase"
camelCase - 'null' KO
	Unexpected behaviour : TypeError - Cannot convert undefined or null to object
camelCase - 'Object' KO
	Unexpected behaviour : TypeError - Cannot convert undefined or null to object

Checking snake_case
snake_case - 'toggle case is the coolest' KO
	expected : "toggle_case_is_the_coolest" - got "toggle_case is the coolest"
snake_case - 'toggleCase is the coolest' KO
	expected : "togglecase_is_the_coolest" - got "togglecase_is the coolest"
snake_case - 'ToggleCase is the 3oolest' KO
	expected : "togglecase_is_the_3oolest" - got "togglecase_is the 3oolest"
snake_case - 'ToggleCaseIsTheCool3st' OK
snake_case - 'ToggleCase is_the coolest' KO
	expected : "togglecase_is_the_coolest" - got "togglecase_is_the coolest"
snake_case - ' toggleCase' OK
snake_case - 'null' KO
	Unexpected behaviour : TypeError - Cannot convert undefined or null to object
snake_case - 'Object' KO
	Unexpected behaviour : TypeError - Cannot convert undefined or null to object

Checking leet
leet - 'anaconda' OK
leet - 'leet' OK
leet - 'yoda' OK
leet - 'evaluation' OK
leet - 'mon travail' OK
leet - ' ' OK
leet - 'null' KO
	Unexpected behaviour : TypeError - Cannot convert undefined or null to object
leet - 'Object' KO
	Unexpected behaviour : TypeError - Cannot convert undefined or null to object

Checking verlan
verlan - 'anaconda' OK
verlan - 'kayak' OK
verlan - 'yoda m Luke' OK
verlan - '70da m L(_)k3' OK
verlan - ' ' KO
	expected : " " - got ""
verlan - 'null' KO
	Unexpected behaviour : TypeError - Cannot convert undefined or null to object
verlan - 'Object' KO
	Unexpected behaviour : TypeError - Cannot convert undefined or null to object

Checking yoda
yoda - 'anaconda' OK
yoda - 'yoda m Luke' OK
yoda - 'Inverser la position des mots d’une phrase' OK
yoda - ' ' OK
yoda - 'null' KO
	Unexpected behaviour : TypeError - Cannot convert undefined or null to object
yoda - 'Object' KO
	Unexpected behaviour : TypeError - Cannot convert undefined or null to object

Checking vig
vig - 'un mot' KO
	Unexpected behaviour : TypeError - "vig" not implemented
vig - 'un mot avec MAJ' KO
	Unexpected behaviour : TypeError - "vig" not implemented
vig - 'une phrase longue' KO
	Unexpected behaviour : TypeError - "vig" not implemented
vig - ' ' KO
	Unexpected behaviour : TypeError - "vig" not implemented
vig - 'null' KO
	Unexpected behaviour : TypeError - "vig" not implemented
vig - 'Object' KO
	Unexpected behaviour : TypeError - "vig" not implemented

Checking prop_access
prop_access - 'path exist - value string' KO
	expected : "dog" - got true
prop_access - 'path exist - value object' KO
	expected : {"name":"dog"} - got true
prop_access - 'path not exist' KO
	expected : animal.gender not exist - got null
prop_access - 'path empty' KO
	expected : {"animal":{"type":{"name":"dog"}}} - got true
prop_access - 'object null' KO
	expected : test not exist - got null
prop_access - 'path null' KO
	Unexpected behaviour : TypeError - Cannot convert undefined or null to object
