

Checking type_check_v1
type_check_v1 - 'number' KO
	expected : true - got undefined
type_check_v1 - 'StringNotNumber' KO
	expected : false - got undefined
type_check_v1 - 'BooleanNotNumber' KO
	expected : false - got undefined
type_check_v1 - 'object' KO
	expected : true - got undefined
type_check_v1 - 'null' KO
	expected : false - got undefined
type_check_v1 - 'undefined' KO
	expected : true - got undefined
type_check_v1 - 'string' KO
	expected : true - got undefined
type_check_v1 - 'array' KO
	expected : true - got undefined
type_check_v1 - 'function' KO
	expected : true - got undefined
type_check_v1 - 'arrayNotObject' KO
	expected : false - got undefined

Checking type_check_v2
type_check_v2 - 'number' KO
	expected : true - got undefined
type_check_v2 - 'numberNotValue' KO
	expected : false - got undefined
type_check_v2 - 'numberNotObject' KO
	expected : false - got undefined
type_check_v2 - 'stringEnum' KO
	expected : true - got undefined
type_check_v2 - 'objectMatch' KO
	expected : true - got undefined
type_check_v2 - 'objectNotMatch' KO
	expected : false - got undefined

Checking type_check
type_check - 'number' KO
	expected : true - got false
type_check - 'numberNotValue' OK
type_check - 'numberNotObject' OK
type_check - 'stringEnum' KO
	expected : true - got false
type_check - 'objectMatch' KO
	expected : true - got false
type_check - 'objectNotMatch' OK
type_check - 'objectSuperMatch' KO
	expected : true - got false
